{"/govuk/content-publisher/app/assets/javascripts.bak/components/autocomplete.js":{"path":"/govuk/content-publisher/app/assets/javascripts.bak/components/autocomplete.js","s":{"1":1,"2":1,"3":1,"4":1,"5":1,"6":0,"7":0,"8":0,"9":0,"10":0,"11":0,"12":0,"13":0,"14":0,"15":0,"16":0,"17":0,"18":1,"19":0,"20":0,"21":0,"22":0,"23":0,"24":0,"25":0,"26":0,"27":0,"28":0,"29":0,"30":0,"31":0,"32":0,"33":0,"34":0,"35":0,"36":0,"37":0,"38":0,"39":0,"40":0,"41":0,"42":0,"43":0,"44":0,"45":0,"46":0,"47":0,"48":0,"49":1,"50":0,"51":0,"52":0,"53":0,"54":0,"55":0,"56":0,"57":0,"58":0,"59":0,"60":0,"61":0,"62":0,"63":0,"64":0,"65":0,"66":0,"67":0,"68":0,"69":0,"70":0,"71":0,"72":0,"73":0,"74":0,"75":0,"76":0,"77":0,"78":0,"79":0,"80":1,"81":0,"82":1,"83":0,"84":0,"85":0,"86":0,"87":0,"88":0,"89":0,"90":0,"91":0,"92":0,"93":0,"94":0,"95":0,"96":0,"97":0,"98":1,"99":0,"100":1,"101":0,"102":0,"103":0,"104":0,"105":0,"106":0,"107":0,"108":1},"b":{"1":[1,0],"2":[1,0],"3":[0,0],"4":[0,0],"5":[0,0],"6":[0,0],"7":[0,0],"8":[0,0],"9":[0,0],"10":[0,0],"11":[0,0],"12":[0,0],"13":[0,0],"14":[0,0],"15":[0,0],"16":[0,0],"17":[0,0],"18":[0,0],"19":[0,0],"20":[0,0],"21":[0,0],"22":[0,0,0],"23":[0,0],"24":[0,0],"25":[0,0],"26":[0,0],"27":[0,0],"28":[0,0],"29":[0,0]},"f":{"1":1,"2":0,"3":0,"4":0,"5":0,"6":0,"7":0,"8":0,"9":0,"10":0,"11":0,"12":0,"13":0,"14":0,"15":0,"16":0,"17":0,"18":0,"19":0,"20":0,"21":0,"22":0,"23":0,"24":0,"25":0},"fnMap":{"1":{"name":"(anonymous_1)","line":5,"loc":{"start":{"line":5,"column":1},"end":{"line":5,"column":20}}},"2":{"name":"Autocomplete","line":6,"loc":{"start":{"line":6,"column":2},"end":{"line":6,"column":27}}},"3":{"name":"(anonymous_3)","line":8,"loc":{"start":{"line":8,"column":33},"end":{"line":8,"column":52}}},"4":{"name":"(anonymous_4)","line":26,"loc":{"start":{"line":26,"column":52},"end":{"line":26,"column":64}}},"5":{"name":"(anonymous_5)","line":36,"loc":{"start":{"line":36,"column":14},"end":{"line":36,"column":44}}},"6":{"name":"(anonymous_6)","line":38,"loc":{"start":{"line":38,"column":32},"end":{"line":38,"column":47}}},"7":{"name":"(anonymous_7)","line":41,"loc":{"start":{"line":41,"column":28},"end":{"line":41,"column":46}}},"8":{"name":"(anonymous_8)","line":59,"loc":{"start":{"line":59,"column":20},"end":{"line":59,"column":38}}},"9":{"name":"(anonymous_9)","line":62,"loc":{"start":{"line":62,"column":20},"end":{"line":62,"column":38}}},"10":{"name":"(anonymous_10)","line":66,"loc":{"start":{"line":66,"column":17},"end":{"line":66,"column":35}}},"11":{"name":"(anonymous_11)","line":69,"loc":{"start":{"line":69,"column":54},"end":{"line":69,"column":72}}},"12":{"name":"(anonymous_12)","line":89,"loc":{"start":{"line":89,"column":56},"end":{"line":89,"column":68}}},"13":{"name":"(anonymous_13)","line":97,"loc":{"start":{"line":97,"column":19},"end":{"line":97,"column":36}}},"14":{"name":"(anonymous_14)","line":115,"loc":{"start":{"line":115,"column":14},"end":{"line":115,"column":44}}},"15":{"name":"(anonymous_15)","line":117,"loc":{"start":{"line":117,"column":28},"end":{"line":117,"column":46}}},"16":{"name":"(anonymous_16)","line":132,"loc":{"start":{"line":132,"column":20},"end":{"line":132,"column":38}}},"17":{"name":"(anonymous_17)","line":135,"loc":{"start":{"line":135,"column":20},"end":{"line":135,"column":38}}},"18":{"name":"(anonymous_18)","line":144,"loc":{"start":{"line":144,"column":17},"end":{"line":144,"column":35}}},"19":{"name":"(anonymous_19)","line":155,"loc":{"start":{"line":155,"column":50},"end":{"line":155,"column":69}}},"20":{"name":"(anonymous_20)","line":164,"loc":{"start":{"line":164,"column":49},"end":{"line":164,"column":67}}},"21":{"name":"(anonymous_21)","line":171,"loc":{"start":{"line":171,"column":61},"end":{"line":171,"column":79}}},"22":{"name":"(anonymous_22)","line":188,"loc":{"start":{"line":188,"column":14},"end":{"line":188,"column":44}}},"23":{"name":"(anonymous_23)","line":192,"loc":{"start":{"line":192,"column":30},"end":{"line":192,"column":48}}},"24":{"name":"(anonymous_24)","line":204,"loc":{"start":{"line":204,"column":41},"end":{"line":204,"column":59}}},"25":{"name":"(anonymous_25)","line":208,"loc":{"start":{"line":208,"column":40},"end":{"line":208,"column":78}}}},"statementMap":{"1":{"start":{"line":2,"column":0},"end":{"line":2,"column":33}},"2":{"start":{"line":3,"column":0},"end":{"line":3,"column":50}},"3":{"start":{"line":5,"column":0},"end":{"line":223,"column":24}},"4":{"start":{"line":6,"column":2},"end":{"line":6,"column":30}},"5":{"start":{"line":8,"column":2},"end":{"line":24,"column":3}},"6":{"start":{"line":9,"column":4},"end":{"line":9,"column":29}},"7":{"start":{"line":10,"column":4},"end":{"line":10,"column":52}},"8":{"start":{"line":12,"column":4},"end":{"line":12,"column":54}},"9":{"start":{"line":13,"column":4},"end":{"line":13,"column":52}},"10":{"start":{"line":15,"column":4},"end":{"line":23,"column":5}},"11":{"start":{"line":16,"column":6},"end":{"line":16,"column":37}},"12":{"start":{"line":17,"column":11},"end":{"line":23,"column":5}},"13":{"start":{"line":18,"column":6},"end":{"line":18,"column":41}},"14":{"start":{"line":19,"column":11},"end":{"line":23,"column":5}},"15":{"start":{"line":20,"column":6},"end":{"line":20,"column":42}},"16":{"start":{"line":21,"column":11},"end":{"line":23,"column":5}},"17":{"start":{"line":22,"column":6},"end":{"line":22,"column":40}},"18":{"start":{"line":26,"column":2},"end":{"line":87,"column":3}},"19":{"start":{"line":27,"column":4},"end":{"line":27,"column":54}},"20":{"start":{"line":29,"column":4},"end":{"line":31,"column":5}},"21":{"start":{"line":30,"column":6},"end":{"line":30,"column":12}},"22":{"start":{"line":33,"column":4},"end":{"line":83,"column":6}},"23":{"start":{"line":37,"column":8},"end":{"line":37,"column":24}},"24":{"start":{"line":38,"column":8},"end":{"line":40,"column":10}},"25":{"start":{"line":39,"column":10},"end":{"line":39,"column":97}},"26":{"start":{"line":41,"column":8},"end":{"line":52,"column":9}},"27":{"start":{"line":42,"column":10},"end":{"line":42,"column":57}},"28":{"start":{"line":43,"column":10},"end":{"line":43,"column":61}},"29":{"start":{"line":44,"column":10},"end":{"line":44,"column":61}},"30":{"start":{"line":45,"column":10},"end":{"line":45,"column":84}},"31":{"start":{"line":46,"column":10},"end":{"line":46,"column":84}},"32":{"start":{"line":48,"column":10},"end":{"line":48,"column":87}},"33":{"start":{"line":49,"column":10},"end":{"line":49,"column":87}},"34":{"start":{"line":51,"column":10},"end":{"line":51,"column":59}},"35":{"start":{"line":54,"column":8},"end":{"line":54,"column":63}},"36":{"start":{"line":60,"column":10},"end":{"line":60,"column":38}},"37":{"start":{"line":63,"column":10},"end":{"line":63,"column":109}},"38":{"start":{"line":67,"column":8},"end":{"line":67,"column":59}},"39":{"start":{"line":68,"column":8},"end":{"line":68,"column":42}},"40":{"start":{"line":69,"column":8},"end":{"line":71,"column":10}},"41":{"start":{"line":70,"column":10},"end":{"line":70,"column":39}},"42":{"start":{"line":73,"column":8},"end":{"line":77,"column":9}},"43":{"start":{"line":74,"column":10},"end":{"line":74,"column":36}},"44":{"start":{"line":76,"column":10},"end":{"line":76,"column":36}},"45":{"start":{"line":79,"column":8},"end":{"line":81,"column":9}},"46":{"start":{"line":80,"column":10},"end":{"line":80,"column":59}},"47":{"start":{"line":85,"column":4},"end":{"line":85,"column":34}},"48":{"start":{"line":86,"column":4},"end":{"line":86,"column":39}},"49":{"start":{"line":89,"column":2},"end":{"line":153,"column":3}},"50":{"start":{"line":90,"column":4},"end":{"line":90,"column":52}},"51":{"start":{"line":91,"column":4},"end":{"line":91,"column":30}},"52":{"start":{"line":92,"column":4},"end":{"line":92,"column":64}},"53":{"start":{"line":93,"column":4},"end":{"line":93,"column":55}},"54":{"start":{"line":95,"column":4},"end":{"line":95,"column":29}},"55":{"start":{"line":97,"column":4},"end":{"line":103,"column":6}},"56":{"start":{"line":98,"column":6},"end":{"line":102,"column":8}},"57":{"start":{"line":105,"column":4},"end":{"line":107,"column":5}},"58":{"start":{"line":106,"column":6},"end":{"line":106,"column":12}},"59":{"start":{"line":109,"column":4},"end":{"line":150,"column":6}},"60":{"start":{"line":116,"column":8},"end":{"line":116,"column":38}},"61":{"start":{"line":117,"column":8},"end":{"line":127,"column":9}},"62":{"start":{"line":118,"column":10},"end":{"line":118,"column":48}},"63":{"start":{"line":119,"column":10},"end":{"line":119,"column":76}},"64":{"start":{"line":120,"column":10},"end":{"line":120,"column":50}},"65":{"start":{"line":121,"column":10},"end":{"line":125,"column":11}},"66":{"start":{"line":123,"column":12},"end":{"line":123,"column":64}},"67":{"start":{"line":124,"column":12},"end":{"line":124,"column":90}},"68":{"start":{"line":126,"column":10},"end":{"line":126,"column":36}},"69":{"start":{"line":129,"column":8},"end":{"line":129,"column":63}},"70":{"start":{"line":133,"column":10},"end":{"line":133,"column":19}},"71":{"start":{"line":136,"column":10},"end":{"line":136,"column":36}},"72":{"start":{"line":137,"column":10},"end":{"line":140,"column":11}},"73":{"start":{"line":138,"column":12},"end":{"line":138,"column":91}},"74":{"start":{"line":139,"column":12},"end":{"line":139,"column":67}},"75":{"start":{"line":141,"column":10},"end":{"line":141,"column":39}},"76":{"start":{"line":145,"column":8},"end":{"line":148,"column":9}},"77":{"start":{"line":146,"column":10},"end":{"line":146,"column":84}},"78":{"start":{"line":147,"column":10},"end":{"line":147,"column":59}},"79":{"start":{"line":152,"column":4},"end":{"line":152,"column":41}},"80":{"start":{"line":155,"column":2},"end":{"line":162,"column":3}},"81":{"start":{"line":157,"column":4},"end":{"line":161,"column":6}},"82":{"start":{"line":164,"column":2},"end":{"line":202,"column":3}},"83":{"start":{"line":165,"column":4},"end":{"line":165,"column":90}},"84":{"start":{"line":167,"column":4},"end":{"line":167,"column":67}},"85":{"start":{"line":168,"column":4},"end":{"line":168,"column":20}},"86":{"start":{"line":170,"column":4},"end":{"line":174,"column":5}},"87":{"start":{"line":171,"column":6},"end":{"line":173,"column":8}},"88":{"start":{"line":172,"column":8},"end":{"line":172,"column":27}},"89":{"start":{"line":176,"column":4},"end":{"line":178,"column":5}},"90":{"start":{"line":177,"column":6},"end":{"line":177,"column":12}},"91":{"start":{"line":180,"column":4},"end":{"line":199,"column":6}},"92":{"start":{"line":189,"column":8},"end":{"line":197,"column":9}},"93":{"start":{"line":190,"column":10},"end":{"line":190,"column":30}},"94":{"start":{"line":192,"column":10},"end":{"line":194,"column":11}},"95":{"start":{"line":193,"column":12},"end":{"line":193,"column":75}},"96":{"start":{"line":196,"column":10},"end":{"line":196,"column":65}},"97":{"start":{"line":201,"column":4},"end":{"line":201,"column":41}},"98":{"start":{"line":204,"column":2},"end":{"line":206,"column":3}},"99":{"start":{"line":205,"column":4},"end":{"line":205,"column":358}},"100":{"start":{"line":208,"column":2},"end":{"line":220,"column":3}},"101":{"start":{"line":209,"column":4},"end":{"line":209,"column":76}},"102":{"start":{"line":210,"column":4},"end":{"line":210,"column":13}},"103":{"start":{"line":212,"column":4},"end":{"line":217,"column":5}},"104":{"start":{"line":213,"column":6},"end":{"line":213,"column":55}},"105":{"start":{"line":215,"column":6},"end":{"line":215,"column":49}},"106":{"start":{"line":216,"column":6},"end":{"line":216,"column":88}},"107":{"start":{"line":219,"column":4},"end":{"line":219,"column":32}},"108":{"start":{"line":222,"column":2},"end":{"line":222,"column":37}}},"branchMap":{"1":{"line":2,"type":"binary-expr","locations":[{"start":{"line":2,"column":15},"end":{"line":2,"column":27}},{"start":{"line":2,"column":31},"end":{"line":2,"column":33}}]},"2":{"line":3,"type":"binary-expr","locations":[{"start":{"line":3,"column":23},"end":{"line":3,"column":43}},{"start":{"line":3,"column":47},"end":{"line":3,"column":49}}]},"3":{"line":15,"type":"if","locations":[{"start":{"line":15,"column":4},"end":{"line":15,"column":4}},{"start":{"line":15,"column":4},"end":{"line":15,"column":4}}]},"4":{"line":17,"type":"if","locations":[{"start":{"line":17,"column":11},"end":{"line":17,"column":11}},{"start":{"line":17,"column":11},"end":{"line":17,"column":11}}]},"5":{"line":19,"type":"if","locations":[{"start":{"line":19,"column":11},"end":{"line":19,"column":11}},{"start":{"line":19,"column":11},"end":{"line":19,"column":11}}]},"6":{"line":21,"type":"if","locations":[{"start":{"line":21,"column":11},"end":{"line":21,"column":11}},{"start":{"line":21,"column":11},"end":{"line":21,"column":11}}]},"7":{"line":29,"type":"if","locations":[{"start":{"line":29,"column":4},"end":{"line":29,"column":4}},{"start":{"line":29,"column":4},"end":{"line":29,"column":4}}]},"8":{"line":39,"type":"binary-expr","locations":[{"start":{"line":39,"column":54},"end":{"line":39,"column":70}},{"start":{"line":39,"column":74},"end":{"line":39,"column":76}}]},"9":{"line":51,"type":"binary-expr","locations":[{"start":{"line":51,"column":17},"end":{"line":51,"column":36}},{"start":{"line":51,"column":40},"end":{"line":51,"column":59}}]},"10":{"line":54,"type":"cond-expr","locations":[{"start":{"line":54,"column":28},"end":{"line":54,"column":57}},{"start":{"line":54,"column":60},"end":{"line":54,"column":62}}]},"11":{"line":60,"type":"binary-expr","locations":[{"start":{"line":60,"column":17},"end":{"line":60,"column":23}},{"start":{"line":60,"column":27},"end":{"line":60,"column":38}}]},"12":{"line":63,"type":"binary-expr","locations":[{"start":{"line":63,"column":17},"end":{"line":63,"column":23}},{"start":{"line":63,"column":27},"end":{"line":63,"column":109}}]},"13":{"line":68,"type":"binary-expr","locations":[{"start":{"line":68,"column":20},"end":{"line":68,"column":26}},{"start":{"line":68,"column":30},"end":{"line":68,"column":42}}]},"14":{"line":73,"type":"if","locations":[{"start":{"line":73,"column":8},"end":{"line":73,"column":8}},{"start":{"line":73,"column":8},"end":{"line":73,"column":8}}]},"15":{"line":79,"type":"if","locations":[{"start":{"line":79,"column":8},"end":{"line":79,"column":8}},{"start":{"line":79,"column":8},"end":{"line":79,"column":8}}]},"16":{"line":105,"type":"if","locations":[{"start":{"line":105,"column":4},"end":{"line":105,"column":4}},{"start":{"line":105,"column":4},"end":{"line":105,"column":4}}]},"17":{"line":121,"type":"if","locations":[{"start":{"line":121,"column":10},"end":{"line":121,"column":10}},{"start":{"line":121,"column":10},"end":{"line":121,"column":10}}]},"18":{"line":129,"type":"cond-expr","locations":[{"start":{"line":129,"column":28},"end":{"line":129,"column":57}},{"start":{"line":129,"column":60},"end":{"line":129,"column":62}}]},"19":{"line":137,"type":"if","locations":[{"start":{"line":137,"column":10},"end":{"line":137,"column":10}},{"start":{"line":137,"column":10},"end":{"line":137,"column":10}}]},"20":{"line":137,"type":"binary-expr","locations":[{"start":{"line":137,"column":14},"end":{"line":137,"column":20}},{"start":{"line":137,"column":24},"end":{"line":137,"column":42}}]},"21":{"line":145,"type":"if","locations":[{"start":{"line":145,"column":8},"end":{"line":145,"column":8}},{"start":{"line":145,"column":8},"end":{"line":145,"column":8}}]},"22":{"line":145,"type":"binary-expr","locations":[{"start":{"line":145,"column":12},"end":{"line":145,"column":18}},{"start":{"line":145,"column":22},"end":{"line":145,"column":44}},{"start":{"line":145,"column":48},"end":{"line":145,"column":85}}]},"23":{"line":170,"type":"if","locations":[{"start":{"line":170,"column":4},"end":{"line":170,"column":4}},{"start":{"line":170,"column":4},"end":{"line":170,"column":4}}]},"24":{"line":176,"type":"if","locations":[{"start":{"line":176,"column":4},"end":{"line":176,"column":4}},{"start":{"line":176,"column":4},"end":{"line":176,"column":4}}]},"25":{"line":187,"type":"cond-expr","locations":[{"start":{"line":187,"column":47},"end":{"line":187,"column":65}},{"start":{"line":187,"column":68},"end":{"line":187,"column":72}}]},"26":{"line":189,"type":"if","locations":[{"start":{"line":189,"column":8},"end":{"line":189,"column":8}},{"start":{"line":189,"column":8},"end":{"line":189,"column":8}}]},"27":{"line":196,"type":"cond-expr","locations":[{"start":{"line":196,"column":30},"end":{"line":196,"column":59}},{"start":{"line":196,"column":62},"end":{"line":196,"column":64}}]},"28":{"line":209,"type":"binary-expr","locations":[{"start":{"line":209,"column":60},"end":{"line":209,"column":66}},{"start":{"line":209,"column":70},"end":{"line":209,"column":74}}]},"29":{"line":212,"type":"if","locations":[{"start":{"line":212,"column":4},"end":{"line":212,"column":4}},{"start":{"line":212,"column":4},"end":{"line":212,"column":4}}]}}},"/govuk/content-publisher/app/assets/javascripts.bak/components/contact-preview.js":{"path":"/govuk/content-publisher/app/assets/javascripts.bak/components/contact-preview.js","s":{"1":1,"2":1,"3":1,"4":1,"5":1,"6":2,"7":2,"8":2,"9":2,"10":2,"11":2,"12":2,"13":2,"14":2,"15":0,"16":2,"17":1,"18":0,"19":0,"20":1,"21":0,"22":0,"23":0,"24":0,"25":1,"26":1,"27":1,"28":1,"29":1,"30":1,"31":1,"32":1,"33":1,"34":1,"35":1,"36":1,"37":0,"38":0,"39":0,"40":0,"41":1,"42":0,"43":0,"44":0,"45":0,"46":0,"47":0,"48":0,"49":0,"50":0,"51":0,"52":0,"53":0,"54":0,"55":1,"56":2,"57":2,"58":1,"59":1,"60":1,"61":1},"b":{"1":[1,0],"2":[1,0],"3":[0,2],"4":[2,2,2],"5":[0,0],"6":[0,0],"7":[1,1]},"f":{"1":1,"2":2,"3":2,"4":0,"5":0,"6":1,"7":1,"8":0,"9":0,"10":0,"11":0,"12":2},"fnMap":{"1":{"name":"(anonymous_1)","line":4,"loc":{"start":{"line":4,"column":1},"end":{"line":4,"column":20}}},"2":{"name":"ContactPreview","line":5,"loc":{"start":{"line":5,"column":2},"end":{"line":5,"column":29}}},"3":{"name":"(anonymous_3)","line":7,"loc":{"start":{"line":7,"column":35},"end":{"line":7,"column":54}}},"4":{"name":"(anonymous_4)","line":23,"loc":{"start":{"line":23,"column":47},"end":{"line":23,"column":59}}},"5":{"name":"(anonymous_5)","line":29,"loc":{"start":{"line":29,"column":46},"end":{"line":29,"column":58}}},"6":{"name":"(anonymous_6)","line":36,"loc":{"start":{"line":36,"column":48},"end":{"line":36,"column":60}}},"7":{"name":"(anonymous_7)","line":43,"loc":{"start":{"line":43,"column":48},"end":{"line":43,"column":64}}},"8":{"name":"(anonymous_8)","line":51,"loc":{"start":{"line":51,"column":48},"end":{"line":51,"column":64}}},"9":{"name":"(anonymous_9)","line":58,"loc":{"start":{"line":58,"column":49},"end":{"line":58,"column":70}}},"10":{"name":"(anonymous_10)","line":67,"loc":{"start":{"line":67,"column":15},"end":{"line":67,"column":27}}},"11":{"name":"(anonymous_11)","line":72,"loc":{"start":{"line":72,"column":12},"end":{"line":72,"column":32}}},"12":{"name":"(anonymous_12)","line":81,"loc":{"start":{"line":81,"column":42},"end":{"line":81,"column":59}}}},"statementMap":{"1":{"start":{"line":1,"column":0},"end":{"line":1,"column":33}},"2":{"start":{"line":2,"column":0},"end":{"line":2,"column":50}},"3":{"start":{"line":4,"column":0},"end":{"line":95,"column":24}},"4":{"start":{"line":5,"column":2},"end":{"line":5,"column":32}},"5":{"start":{"line":7,"column":2},"end":{"line":21,"column":3}},"6":{"start":{"line":8,"column":4},"end":{"line":8,"column":29}},"7":{"start":{"line":10,"column":4},"end":{"line":10,"column":87}},"8":{"start":{"line":11,"column":4},"end":{"line":11,"column":91}},"9":{"start":{"line":12,"column":4},"end":{"line":12,"column":80}},"10":{"start":{"line":13,"column":4},"end":{"line":13,"column":44}},"11":{"start":{"line":14,"column":4},"end":{"line":14,"column":77}},"12":{"start":{"line":15,"column":4},"end":{"line":15,"column":49}},"13":{"start":{"line":16,"column":4},"end":{"line":16,"column":62}},"14":{"start":{"line":17,"column":4},"end":{"line":19,"column":5}},"15":{"start":{"line":18,"column":6},"end":{"line":18,"column":12}},"16":{"start":{"line":20,"column":4},"end":{"line":20,"column":73}},"17":{"start":{"line":23,"column":2},"end":{"line":27,"column":3}},"18":{"start":{"line":24,"column":4},"end":{"line":26,"column":5}},"19":{"start":{"line":25,"column":6},"end":{"line":25,"column":73}},"20":{"start":{"line":29,"column":2},"end":{"line":34,"column":3}},"21":{"start":{"line":30,"column":4},"end":{"line":30,"column":63}},"22":{"start":{"line":31,"column":4},"end":{"line":31,"column":76}},"23":{"start":{"line":32,"column":4},"end":{"line":32,"column":87}},"24":{"start":{"line":33,"column":4},"end":{"line":33,"column":86}},"25":{"start":{"line":36,"column":2},"end":{"line":41,"column":3}},"26":{"start":{"line":37,"column":4},"end":{"line":37,"column":63}},"27":{"start":{"line":38,"column":4},"end":{"line":38,"column":76}},"28":{"start":{"line":39,"column":4},"end":{"line":39,"column":87}},"29":{"start":{"line":40,"column":4},"end":{"line":40,"column":83}},"30":{"start":{"line":43,"column":2},"end":{"line":49,"column":3}},"31":{"start":{"line":44,"column":4},"end":{"line":44,"column":66}},"32":{"start":{"line":45,"column":4},"end":{"line":45,"column":79}},"33":{"start":{"line":46,"column":4},"end":{"line":46,"column":83}},"34":{"start":{"line":47,"column":4},"end":{"line":47,"column":87}},"35":{"start":{"line":48,"column":4},"end":{"line":48,"column":40}},"36":{"start":{"line":51,"column":2},"end":{"line":56,"column":3}},"37":{"start":{"line":52,"column":4},"end":{"line":52,"column":66}},"38":{"start":{"line":53,"column":4},"end":{"line":53,"column":76}},"39":{"start":{"line":54,"column":4},"end":{"line":54,"column":83}},"40":{"start":{"line":55,"column":4},"end":{"line":55,"column":90}},"41":{"start":{"line":58,"column":2},"end":{"line":79,"column":3}},"42":{"start":{"line":59,"column":4},"end":{"line":59,"column":59}},"43":{"start":{"line":61,"column":4},"end":{"line":61,"column":40}},"44":{"start":{"line":62,"column":4},"end":{"line":62,"column":49}},"45":{"start":{"line":63,"column":4},"end":{"line":63,"column":47}},"46":{"start":{"line":65,"column":4},"end":{"line":65,"column":49}},"47":{"start":{"line":66,"column":4},"end":{"line":66,"column":103}},"48":{"start":{"line":67,"column":4},"end":{"line":67,"column":57}},"49":{"start":{"line":67,"column":29},"end":{"line":67,"column":48}},"50":{"start":{"line":69,"column":4},"end":{"line":69,"column":29}},"51":{"start":{"line":71,"column":4},"end":{"line":78,"column":8}},"52":{"start":{"line":73,"column":8},"end":{"line":75,"column":9}},"53":{"start":{"line":74,"column":10},"end":{"line":74,"column":53}},"54":{"start":{"line":77,"column":8},"end":{"line":77,"column":30}},"55":{"start":{"line":81,"column":2},"end":{"line":92,"column":3}},"56":{"start":{"line":82,"column":4},"end":{"line":82,"column":29}},"57":{"start":{"line":84,"column":4},"end":{"line":87,"column":5}},"58":{"start":{"line":85,"column":6},"end":{"line":85,"column":31}},"59":{"start":{"line":86,"column":6},"end":{"line":86,"column":12}},"60":{"start":{"line":89,"column":4},"end":{"line":91,"column":46}},"61":{"start":{"line":94,"column":2},"end":{"line":94,"column":41}}},"branchMap":{"1":{"line":1,"type":"binary-expr","locations":[{"start":{"line":1,"column":15},"end":{"line":1,"column":27}},{"start":{"line":1,"column":31},"end":{"line":1,"column":33}}]},"2":{"line":2,"type":"binary-expr","locations":[{"start":{"line":2,"column":23},"end":{"line":2,"column":43}},{"start":{"line":2,"column":47},"end":{"line":2,"column":49}}]},"3":{"line":17,"type":"if","locations":[{"start":{"line":17,"column":4},"end":{"line":17,"column":4}},{"start":{"line":17,"column":4},"end":{"line":17,"column":4}}]},"4":{"line":17,"type":"binary-expr","locations":[{"start":{"line":17,"column":8},"end":{"line":17,"column":21}},{"start":{"line":17,"column":25},"end":{"line":17,"column":35}},{"start":{"line":17,"column":39},"end":{"line":17,"column":67}}]},"5":{"line":24,"type":"if","locations":[{"start":{"line":24,"column":4},"end":{"line":24,"column":4}},{"start":{"line":24,"column":4},"end":{"line":24,"column":4}}]},"6":{"line":73,"type":"if","locations":[{"start":{"line":73,"column":8},"end":{"line":73,"column":8}},{"start":{"line":73,"column":8},"end":{"line":73,"column":8}}]},"7":{"line":84,"type":"if","locations":[{"start":{"line":84,"column":4},"end":{"line":84,"column":4}},{"start":{"line":84,"column":4},"end":{"line":84,"column":4}}]}}},"/govuk/content-publisher/app/assets/javascripts.bak/components/toolbar-dropdown.js":{"path":"/govuk/content-publisher/app/assets/javascripts.bak/components/toolbar-dropdown.js","s":{"1":1,"2":1,"3":1,"4":1,"5":1,"6":3,"7":3,"8":3,"9":3,"10":3,"11":3,"12":3,"13":0,"14":0,"15":3,"16":6,"17":3,"18":0,"19":1,"20":0,"21":0,"22":0,"23":1,"24":0,"25":1,"26":1,"27":1,"28":1,"29":1,"30":0,"31":0,"32":0,"33":1,"34":3,"35":3,"36":3,"37":1},"b":{"1":[1,0],"2":[1,0],"3":[0,3],"4":[0,0,0,0],"5":[0,0],"6":[0,0],"7":[3,0]},"f":{"1":1,"2":3,"3":3,"4":6,"5":0,"6":0,"7":0,"8":1,"9":1,"10":0,"11":3},"fnMap":{"1":{"name":"(anonymous_1)","line":4,"loc":{"start":{"line":4,"column":1},"end":{"line":4,"column":20}}},"2":{"name":"ToolbarDropdown","line":5,"loc":{"start":{"line":5,"column":2},"end":{"line":5,"column":30}}},"3":{"name":"(anonymous_3)","line":7,"loc":{"start":{"line":7,"column":36},"end":{"line":7,"column":55}}},"4":{"name":"(anonymous_4)","line":21,"loc":{"start":{"line":21,"column":21},"end":{"line":21,"column":40}}},"5":{"name":"(anonymous_5)","line":25,"loc":{"start":{"line":25,"column":19},"end":{"line":25,"column":36}}},"6":{"name":"(anonymous_6)","line":30,"loc":{"start":{"line":30,"column":41},"end":{"line":30,"column":58}}},"7":{"name":"(anonymous_7)","line":40,"loc":{"start":{"line":40,"column":47},"end":{"line":40,"column":64}}},"8":{"name":"(anonymous_8)","line":44,"loc":{"start":{"line":44,"column":50},"end":{"line":44,"column":67}}},"9":{"name":"(anonymous_9)","line":48,"loc":{"start":{"line":48,"column":51},"end":{"line":48,"column":68}}},"10":{"name":"(anonymous_10)","line":52,"loc":{"start":{"line":52,"column":54},"end":{"line":52,"column":71}}},"11":{"name":"(anonymous_11)","line":60,"loc":{"start":{"line":60,"column":48},"end":{"line":60,"column":60}}}},"statementMap":{"1":{"start":{"line":1,"column":0},"end":{"line":1,"column":33}},"2":{"start":{"line":2,"column":0},"end":{"line":2,"column":50}},"3":{"start":{"line":4,"column":0},"end":{"line":69,"column":24}},"4":{"start":{"line":5,"column":2},"end":{"line":5,"column":33}},"5":{"start":{"line":7,"column":2},"end":{"line":28,"column":3}},"6":{"start":{"line":8,"column":4},"end":{"line":8,"column":29}},"7":{"start":{"line":9,"column":4},"end":{"line":9,"column":78}},"8":{"start":{"line":10,"column":4},"end":{"line":10,"column":86}},"9":{"start":{"line":11,"column":4},"end":{"line":11,"column":96}},"10":{"start":{"line":13,"column":4},"end":{"line":13,"column":83}},"11":{"start":{"line":14,"column":4},"end":{"line":14,"column":79}},"12":{"start":{"line":16,"column":4},"end":{"line":19,"column":5}},"13":{"start":{"line":17,"column":6},"end":{"line":17,"column":33}},"14":{"start":{"line":18,"column":6},"end":{"line":18,"column":104}},"15":{"start":{"line":21,"column":4},"end":{"line":23,"column":12}},"16":{"start":{"line":22,"column":6},"end":{"line":22,"column":103}},"17":{"start":{"line":25,"column":4},"end":{"line":27,"column":12}},"18":{"start":{"line":26,"column":6},"end":{"line":26,"column":101}},"19":{"start":{"line":30,"column":2},"end":{"line":38,"column":3}},"20":{"start":{"line":31,"column":4},"end":{"line":34,"column":39}},"21":{"start":{"line":35,"column":4},"end":{"line":37,"column":5}},"22":{"start":{"line":36,"column":6},"end":{"line":36,"column":33}},"23":{"start":{"line":40,"column":2},"end":{"line":42,"column":3}},"24":{"start":{"line":41,"column":4},"end":{"line":41,"column":34}},"25":{"start":{"line":44,"column":2},"end":{"line":46,"column":3}},"26":{"start":{"line":45,"column":4},"end":{"line":45,"column":31}},"27":{"start":{"line":48,"column":2},"end":{"line":50,"column":3}},"28":{"start":{"line":49,"column":4},"end":{"line":49,"column":40}},"29":{"start":{"line":52,"column":2},"end":{"line":58,"column":3}},"30":{"start":{"line":53,"column":4},"end":{"line":57,"column":5}},"31":{"start":{"line":54,"column":6},"end":{"line":54,"column":47}},"32":{"start":{"line":56,"column":6},"end":{"line":56,"column":42}},"33":{"start":{"line":60,"column":2},"end":{"line":66,"column":3}},"34":{"start":{"line":64,"column":4},"end":{"line":64,"column":46}},"35":{"start":{"line":65,"column":4},"end":{"line":65,"column":33}},"36":{"start":{"line":65,"column":22},"end":{"line":65,"column":33}},"37":{"start":{"line":68,"column":2},"end":{"line":68,"column":43}}},"branchMap":{"1":{"line":1,"type":"binary-expr","locations":[{"start":{"line":1,"column":15},"end":{"line":1,"column":27}},{"start":{"line":1,"column":31},"end":{"line":1,"column":33}}]},"2":{"line":2,"type":"binary-expr","locations":[{"start":{"line":2,"column":23},"end":{"line":2,"column":43}},{"start":{"line":2,"column":47},"end":{"line":2,"column":49}}]},"3":{"line":16,"type":"if","locations":[{"start":{"line":16,"column":4},"end":{"line":16,"column":4}},{"start":{"line":16,"column":4},"end":{"line":16,"column":4}}]},"4":{"line":31,"type":"binary-expr","locations":[{"start":{"line":31,"column":17},"end":{"line":31,"column":36}},{"start":{"line":32,"column":17},"end":{"line":32,"column":45}},{"start":{"line":33,"column":17},"end":{"line":33,"column":29}},{"start":{"line":34,"column":17},"end":{"line":34,"column":39}}]},"5":{"line":35,"type":"if","locations":[{"start":{"line":35,"column":4},"end":{"line":35,"column":4}},{"start":{"line":35,"column":4},"end":{"line":35,"column":4}}]},"6":{"line":53,"type":"if","locations":[{"start":{"line":53,"column":4},"end":{"line":53,"column":4}},{"start":{"line":53,"column":4},"end":{"line":53,"column":4}}]},"7":{"line":65,"type":"if","locations":[{"start":{"line":65,"column":4},"end":{"line":65,"column":4}},{"start":{"line":65,"column":4},"end":{"line":65,"column":4}}]}}},"/govuk/content-publisher/app/assets/javascripts.bak/components/image-cropper.js":{"path":"/govuk/content-publisher/app/assets/javascripts.bak/components/image-cropper.js","s":{"1":1,"2":1,"3":1,"4":1,"5":1,"6":0,"7":0,"8":0,"9":0,"10":0,"11":0,"12":1,"13":0,"14":0,"15":0,"16":0,"17":0,"18":0,"19":0,"20":0,"21":0,"22":0,"23":0,"24":0,"25":0,"26":0,"27":0,"28":0,"29":0,"30":0,"31":0,"32":0,"33":0,"34":0,"35":0,"36":0,"37":0,"38":0,"39":0,"40":0,"41":0,"42":0,"43":0,"44":0,"45":0,"46":0,"47":0,"48":0,"49":0,"50":0,"51":0,"52":0,"53":0,"54":0,"55":0,"56":0,"57":0,"58":0,"59":1},"b":{"1":[1,0],"2":[1,0],"3":[0,0],"4":[0,0],"5":[0,0],"6":[0,0],"7":[0,0],"8":[0,0],"9":[0,0],"10":[0,0],"11":[0,0]},"f":{"1":1,"2":0,"3":0,"4":0,"5":0,"6":0,"7":0},"fnMap":{"1":{"name":"(anonymous_1)","line":5,"loc":{"start":{"line":5,"column":1},"end":{"line":5,"column":20}}},"2":{"name":"ImageCropper","line":6,"loc":{"start":{"line":6,"column":2},"end":{"line":6,"column":27}}},"3":{"name":"(anonymous_3)","line":8,"loc":{"start":{"line":8,"column":33},"end":{"line":8,"column":58}}},"4":{"name":"(anonymous_4)","line":13,"loc":{"start":{"line":13,"column":41},"end":{"line":13,"column":53}}},"5":{"name":"(anonymous_5)","line":23,"loc":{"start":{"line":23,"column":39},"end":{"line":23,"column":51}}},"6":{"name":"(anonymous_6)","line":83,"loc":{"start":{"line":83,"column":15},"end":{"line":83,"column":27}}},"7":{"name":"(anonymous_7)","line":95,"loc":{"start":{"line":95,"column":14},"end":{"line":95,"column":26}}}},"statementMap":{"1":{"start":{"line":2,"column":0},"end":{"line":2,"column":33}},"2":{"start":{"line":3,"column":0},"end":{"line":3,"column":50}},"3":{"start":{"line":5,"column":0},"end":{"line":120,"column":24}},"4":{"start":{"line":6,"column":2},"end":{"line":6,"column":30}},"5":{"start":{"line":8,"column":2},"end":{"line":21,"column":3}},"6":{"start":{"line":9,"column":4},"end":{"line":9,"column":41}},"7":{"start":{"line":10,"column":4},"end":{"line":10,"column":81}},"8":{"start":{"line":13,"column":4},"end":{"line":15,"column":17}},"9":{"start":{"line":14,"column":6},"end":{"line":14,"column":24}},"10":{"start":{"line":18,"column":4},"end":{"line":20,"column":5}},"11":{"start":{"line":19,"column":6},"end":{"line":19,"column":24}},"12":{"start":{"line":23,"column":2},"end":{"line":117,"column":3}},"13":{"start":{"line":24,"column":4},"end":{"line":26,"column":5}},"14":{"start":{"line":25,"column":6},"end":{"line":25,"column":12}},"15":{"start":{"line":28,"column":4},"end":{"line":28,"column":73}},"16":{"start":{"line":29,"column":4},"end":{"line":29,"column":73}},"17":{"start":{"line":30,"column":4},"end":{"line":30,"column":81}},"18":{"start":{"line":31,"column":4},"end":{"line":31,"column":83}},"19":{"start":{"line":33,"column":4},"end":{"line":33,"column":39}},"20":{"start":{"line":34,"column":4},"end":{"line":34,"column":41}},"21":{"start":{"line":35,"column":4},"end":{"line":35,"column":47}},"22":{"start":{"line":36,"column":4},"end":{"line":36,"column":49}},"23":{"start":{"line":37,"column":4},"end":{"line":37,"column":23}},"24":{"start":{"line":38,"column":4},"end":{"line":38,"column":26}},"25":{"start":{"line":39,"column":4},"end":{"line":39,"column":27}},"26":{"start":{"line":42,"column":4},"end":{"line":42,"column":38}},"27":{"start":{"line":43,"column":4},"end":{"line":43,"column":40}},"28":{"start":{"line":46,"column":4},"end":{"line":46,"column":32}},"29":{"start":{"line":47,"column":4},"end":{"line":47,"column":32}},"30":{"start":{"line":48,"column":4},"end":{"line":48,"column":40}},"31":{"start":{"line":49,"column":4},"end":{"line":49,"column":42}},"32":{"start":{"line":51,"column":4},"end":{"line":68,"column":5}},"33":{"start":{"line":53,"column":6},"end":{"line":53,"column":40}},"34":{"start":{"line":56,"column":6},"end":{"line":56,"column":65}},"35":{"start":{"line":57,"column":6},"end":{"line":57,"column":67}},"36":{"start":{"line":60,"column":6},"end":{"line":60,"column":39}},"37":{"start":{"line":61,"column":6},"end":{"line":61,"column":39}},"38":{"start":{"line":62,"column":6},"end":{"line":62,"column":47}},"39":{"start":{"line":63,"column":6},"end":{"line":63,"column":49}},"40":{"start":{"line":66,"column":6},"end":{"line":66,"column":74}},"41":{"start":{"line":66,"column":43},"end":{"line":66,"column":74}},"42":{"start":{"line":67,"column":6},"end":{"line":67,"column":78}},"43":{"start":{"line":67,"column":45},"end":{"line":67,"column":78}},"44":{"start":{"line":70,"column":4},"end":{"line":116,"column":5}},"45":{"start":{"line":71,"column":6},"end":{"line":115,"column":8}},"46":{"start":{"line":85,"column":10},"end":{"line":85,"column":55}},"47":{"start":{"line":88,"column":10},"end":{"line":93,"column":12}},"48":{"start":{"line":97,"column":10},"end":{"line":97,"column":64}},"49":{"start":{"line":100,"column":10},"end":{"line":103,"column":11}},"50":{"start":{"line":101,"column":12},"end":{"line":101,"column":41}},"51":{"start":{"line":102,"column":12},"end":{"line":102,"column":55}},"52":{"start":{"line":104,"column":10},"end":{"line":107,"column":11}},"53":{"start":{"line":105,"column":12},"end":{"line":105,"column":43}},"54":{"start":{"line":106,"column":12},"end":{"line":106,"column":57}},"55":{"start":{"line":110,"column":10},"end":{"line":110,"column":36}},"56":{"start":{"line":111,"column":10},"end":{"line":111,"column":36}},"57":{"start":{"line":112,"column":10},"end":{"line":112,"column":44}},"58":{"start":{"line":113,"column":10},"end":{"line":113,"column":46}},"59":{"start":{"line":119,"column":2},"end":{"line":119,"column":37}}},"branchMap":{"1":{"line":2,"type":"binary-expr","locations":[{"start":{"line":2,"column":15},"end":{"line":2,"column":27}},{"start":{"line":2,"column":31},"end":{"line":2,"column":33}}]},"2":{"line":3,"type":"binary-expr","locations":[{"start":{"line":3,"column":23},"end":{"line":3,"column":43}},{"start":{"line":3,"column":47},"end":{"line":3,"column":49}}]},"3":{"line":18,"type":"if","locations":[{"start":{"line":18,"column":4},"end":{"line":18,"column":4}},{"start":{"line":18,"column":4},"end":{"line":18,"column":4}}]},"4":{"line":24,"type":"if","locations":[{"start":{"line":24,"column":4},"end":{"line":24,"column":4}},{"start":{"line":24,"column":4},"end":{"line":24,"column":4}}]},"5":{"line":51,"type":"if","locations":[{"start":{"line":51,"column":4},"end":{"line":51,"column":4}},{"start":{"line":51,"column":4},"end":{"line":51,"column":4}}]},"6":{"line":51,"type":"binary-expr","locations":[{"start":{"line":51,"column":8},"end":{"line":51,"column":28}},{"start":{"line":51,"column":32},"end":{"line":51,"column":54}}]},"7":{"line":66,"type":"if","locations":[{"start":{"line":66,"column":6},"end":{"line":66,"column":6}},{"start":{"line":66,"column":6},"end":{"line":66,"column":6}}]},"8":{"line":67,"type":"if","locations":[{"start":{"line":67,"column":6},"end":{"line":67,"column":6}},{"start":{"line":67,"column":6},"end":{"line":67,"column":6}}]},"9":{"line":70,"type":"if","locations":[{"start":{"line":70,"column":4},"end":{"line":70,"column":4}},{"start":{"line":70,"column":4},"end":{"line":70,"column":4}}]},"10":{"line":100,"type":"if","locations":[{"start":{"line":100,"column":10},"end":{"line":100,"column":10}},{"start":{"line":100,"column":10},"end":{"line":100,"column":10}}]},"11":{"line":104,"type":"if","locations":[{"start":{"line":104,"column":10},"end":{"line":104,"column":10}},{"start":{"line":104,"column":10},"end":{"line":104,"column":10}}]}}},"/govuk/content-publisher/app/assets/javascripts.bak/components/input-length-suggester.js":{"path":"/govuk/content-publisher/app/assets/javascripts.bak/components/input-length-suggester.js","s":{"1":1,"2":1,"3":1,"4":1,"5":1,"6":4,"7":4,"8":4,"9":4,"10":4,"11":4,"12":4,"13":0,"14":4,"15":4,"16":4,"17":4,"18":4,"19":4,"20":1,"21":8,"22":8,"23":8,"24":3,"25":5,"26":1,"27":0,"28":0,"29":1,"30":0,"31":0,"32":0,"33":1},"b":{"1":[1,0],"2":[1,0],"3":[4,0],"4":[0,4],"5":[4,4],"6":[3,5],"7":[0,0],"8":[0,0]},"f":{"1":1,"2":4,"3":4,"4":8,"5":0,"6":0},"fnMap":{"1":{"name":"(anonymous_1)","line":4,"loc":{"start":{"line":4,"column":1},"end":{"line":4,"column":20}}},"2":{"name":"InputLengthSuggester","line":5,"loc":{"start":{"line":5,"column":2},"end":{"line":5,"column":35}}},"3":{"name":"(anonymous_3)","line":7,"loc":{"start":{"line":7,"column":41},"end":{"line":7,"column":60}}},"4":{"name":"(anonymous_4)","line":30,"loc":{"start":{"line":30,"column":42},"end":{"line":30,"column":54}}},"5":{"name":"(anonymous_5)","line":40,"loc":{"start":{"line":40,"column":47},"end":{"line":40,"column":59}}},"6":{"name":"(anonymous_6)","line":49,"loc":{"start":{"line":49,"column":46},"end":{"line":49,"column":58}}}},"statementMap":{"1":{"start":{"line":1,"column":0},"end":{"line":1,"column":33}},"2":{"start":{"line":2,"column":0},"end":{"line":2,"column":50}},"3":{"start":{"line":4,"column":0},"end":{"line":57,"column":24}},"4":{"start":{"line":5,"column":2},"end":{"line":5,"column":38}},"5":{"start":{"line":7,"column":2},"end":{"line":28,"column":3}},"6":{"start":{"line":8,"column":4},"end":{"line":8,"column":29}},"7":{"start":{"line":9,"column":4},"end":{"line":9,"column":81}},"8":{"start":{"line":10,"column":4},"end":{"line":10,"column":68}},"9":{"start":{"line":11,"column":4},"end":{"line":11,"column":76}},"10":{"start":{"line":12,"column":4},"end":{"line":12,"column":47}},"11":{"start":{"line":13,"column":4},"end":{"line":13,"column":28}},"12":{"start":{"line":15,"column":4},"end":{"line":17,"column":5}},"13":{"start":{"line":16,"column":6},"end":{"line":16,"column":12}},"14":{"start":{"line":18,"column":4},"end":{"line":18,"column":17}},"15":{"start":{"line":21,"column":4},"end":{"line":21,"column":68}},"16":{"start":{"line":22,"column":4},"end":{"line":22,"column":66}},"17":{"start":{"line":23,"column":4},"end":{"line":23,"column":67}},"18":{"start":{"line":26,"column":4},"end":{"line":26,"column":71}},"19":{"start":{"line":27,"column":4},"end":{"line":27,"column":69}},"20":{"start":{"line":30,"column":2},"end":{"line":38,"column":3}},"21":{"start":{"line":31,"column":4},"end":{"line":31,"column":41}},"22":{"start":{"line":32,"column":4},"end":{"line":32,"column":78}},"23":{"start":{"line":33,"column":4},"end":{"line":37,"column":5}},"24":{"start":{"line":34,"column":6},"end":{"line":34,"column":75}},"25":{"start":{"line":36,"column":6},"end":{"line":36,"column":72}},"26":{"start":{"line":40,"column":2},"end":{"line":47,"column":3}},"27":{"start":{"line":41,"column":4},"end":{"line":46,"column":5}},"28":{"start":{"line":45,"column":6},"end":{"line":45,"column":67}},"29":{"start":{"line":49,"column":2},"end":{"line":54,"column":3}},"30":{"start":{"line":50,"column":4},"end":{"line":53,"column":5}},"31":{"start":{"line":51,"column":6},"end":{"line":51,"column":38}},"32":{"start":{"line":52,"column":6},"end":{"line":52,"column":30}},"33":{"start":{"line":56,"column":2},"end":{"line":56,"column":53}}},"branchMap":{"1":{"line":1,"type":"binary-expr","locations":[{"start":{"line":1,"column":15},"end":{"line":1,"column":27}},{"start":{"line":1,"column":31},"end":{"line":1,"column":33}}]},"2":{"line":2,"type":"binary-expr","locations":[{"start":{"line":2,"column":23},"end":{"line":2,"column":43}},{"start":{"line":2,"column":47},"end":{"line":2,"column":49}}]},"3":{"line":12,"type":"cond-expr","locations":[{"start":{"line":12,"column":35},"end":{"line":12,"column":43}},{"start":{"line":12,"column":46},"end":{"line":12,"column":47}}]},"4":{"line":15,"type":"if","locations":[{"start":{"line":15,"column":4},"end":{"line":15,"column":4}},{"start":{"line":15,"column":4},"end":{"line":15,"column":4}}]},"5":{"line":15,"type":"binary-expr","locations":[{"start":{"line":15,"column":8},"end":{"line":15,"column":21}},{"start":{"line":15,"column":25},"end":{"line":15,"column":46}}]},"6":{"line":33,"type":"if","locations":[{"start":{"line":33,"column":4},"end":{"line":33,"column":4}},{"start":{"line":33,"column":4},"end":{"line":33,"column":4}}]},"7":{"line":41,"type":"if","locations":[{"start":{"line":41,"column":4},"end":{"line":41,"column":4}},{"start":{"line":41,"column":4},"end":{"line":41,"column":4}}]},"8":{"line":50,"type":"if","locations":[{"start":{"line":50,"column":4},"end":{"line":50,"column":4}},{"start":{"line":50,"column":4},"end":{"line":50,"column":4}}]}}},"/govuk/content-publisher/app/assets/javascripts.bak/components/markdown-editor.js":{"path":"/govuk/content-publisher/app/assets/javascripts.bak/components/markdown-editor.js","s":{"1":1,"2":1,"3":1,"4":1,"5":1,"6":21,"7":21,"8":21,"9":21,"10":21,"11":21,"12":21,"13":21,"14":21,"15":21,"16":21,"17":21,"18":21,"19":21,"20":21,"21":21,"22":21,"23":21,"24":21,"25":21,"26":0,"27":1,"28":0,"29":0,"30":0,"31":0,"32":0,"33":0,"34":0,"35":1,"36":6,"37":6,"38":0,"39":6,"40":6,"41":6,"42":6,"43":6,"44":6,"45":6,"46":0,"47":0,"48":0,"49":0,"50":0,"51":0,"52":0,"53":0,"54":0,"55":1,"56":0,"57":0,"58":0,"59":0,"60":0,"61":0,"62":0,"63":0,"64":0,"65":0,"66":0,"67":0,"68":1,"69":6,"70":6,"71":6,"72":0,"73":1,"74":6,"75":6,"76":6,"77":6,"78":6,"79":0,"80":6,"81":6,"82":1,"83":18,"84":6,"85":12,"86":1,"87":0,"88":0,"89":0,"90":0,"91":1,"92":63,"93":63,"94":2,"95":63,"96":1,"97":1,"98":21,"99":2,"100":21,"101":1,"102":1},"b":{"1":[1,0],"2":[1,0],"3":[0,21],"4":[0,0],"5":[0,6],"6":[6,0],"7":[0,0],"8":[6,0],"9":[0,6],"10":[6,0],"11":[6,12],"12":[0,0],"13":[2,2],"14":[1,1]},"f":{"1":1,"2":21,"3":21,"4":0,"5":6,"6":0,"7":0,"8":0,"9":0,"10":0,"11":6,"12":6,"13":18,"14":0,"15":0,"16":63,"17":2,"18":1,"19":21,"20":2,"21":1},"fnMap":{"1":{"name":"(anonymous_1)","line":8,"loc":{"start":{"line":8,"column":1},"end":{"line":8,"column":20}}},"2":{"name":"MarkdownEditor","line":9,"loc":{"start":{"line":9,"column":2},"end":{"line":9,"column":29}}},"3":{"name":"(anonymous_3)","line":11,"loc":{"start":{"line":11,"column":35},"end":{"line":11,"column":54}}},"4":{"name":"(anonymous_4)","line":44,"loc":{"start":{"line":44,"column":52},"end":{"line":44,"column":77}}},"5":{"name":"(anonymous_5)","line":67,"loc":{"start":{"line":67,"column":49},"end":{"line":67,"column":66}}},"6":{"name":"(anonymous_6)","line":89,"loc":{"start":{"line":89,"column":12},"end":{"line":89,"column":28}}},"7":{"name":"(anonymous_7)","line":96,"loc":{"start":{"line":96,"column":13},"end":{"line":96,"column":25}}},"8":{"name":"(anonymous_8)","line":104,"loc":{"start":{"line":104,"column":50},"end":{"line":104,"column":66}}},"9":{"name":"(anonymous_9)","line":116,"loc":{"start":{"line":116,"column":15},"end":{"line":116,"column":27}}},"10":{"name":"(anonymous_10)","line":118,"loc":{"start":{"line":118,"column":43},"end":{"line":118,"column":63}}},"11":{"name":"(anonymous_11)","line":121,"loc":{"start":{"line":121,"column":46},"end":{"line":121,"column":63}}},"12":{"name":"(anonymous_12)","line":132,"loc":{"start":{"line":132,"column":44},"end":{"line":132,"column":56}}},"13":{"name":"(anonymous_13)","line":145,"loc":{"start":{"line":145,"column":36},"end":{"line":145,"column":55}}},"14":{"name":"(anonymous_14)","line":155,"loc":{"start":{"line":155,"column":44},"end":{"line":155,"column":65}}},"15":{"name":"(anonymous_15)","line":158,"loc":{"start":{"line":158,"column":22},"end":{"line":158,"column":40}}},"16":{"name":"(anonymous_16)","line":165,"loc":{"start":{"line":165,"column":57},"end":{"line":165,"column":76}}},"17":{"name":"(anonymous_17)","line":167,"loc":{"start":{"line":167,"column":38},"end":{"line":167,"column":55}}},"18":{"name":"(anonymous_18)","line":170,"loc":{"start":{"line":170,"column":37},"end":{"line":170,"column":54}}},"19":{"name":"(anonymous_19)","line":176,"loc":{"start":{"line":176,"column":58},"end":{"line":176,"column":88}}},"20":{"name":"(anonymous_20)","line":177,"loc":{"start":{"line":177,"column":38},"end":{"line":177,"column":55}}},"21":{"name":"(anonymous_21)","line":180,"loc":{"start":{"line":180,"column":37},"end":{"line":180,"column":54}}}},"statementMap":{"1":{"start":{"line":5,"column":0},"end":{"line":5,"column":33}},"2":{"start":{"line":6,"column":0},"end":{"line":6,"column":50}},"3":{"start":{"line":8,"column":0},"end":{"line":186,"column":24}},"4":{"start":{"line":9,"column":2},"end":{"line":9,"column":32}},"5":{"start":{"line":11,"column":2},"end":{"line":42,"column":3}},"6":{"start":{"line":12,"column":4},"end":{"line":12,"column":29}},"7":{"start":{"line":13,"column":4},"end":{"line":13,"column":72}},"8":{"start":{"line":14,"column":4},"end":{"line":14,"column":82}},"9":{"start":{"line":15,"column":4},"end":{"line":15,"column":56}},"10":{"start":{"line":16,"column":4},"end":{"line":16,"column":91}},"11":{"start":{"line":17,"column":4},"end":{"line":17,"column":83}},"12":{"start":{"line":18,"column":4},"end":{"line":18,"column":77}},"13":{"start":{"line":19,"column":4},"end":{"line":19,"column":79}},"14":{"start":{"line":20,"column":4},"end":{"line":20,"column":79}},"15":{"start":{"line":21,"column":4},"end":{"line":21,"column":70}},"16":{"start":{"line":22,"column":4},"end":{"line":22,"column":83}},"17":{"start":{"line":23,"column":4},"end":{"line":23,"column":74}},"18":{"start":{"line":26,"column":4},"end":{"line":26,"column":38}},"19":{"start":{"line":29,"column":4},"end":{"line":29,"column":86}},"20":{"start":{"line":30,"column":4},"end":{"line":30,"column":80}},"21":{"start":{"line":33,"column":4},"end":{"line":33,"column":67}},"22":{"start":{"line":34,"column":4},"end":{"line":34,"column":49}},"23":{"start":{"line":35,"column":4},"end":{"line":35,"column":54}},"24":{"start":{"line":36,"column":4},"end":{"line":36,"column":57}},"25":{"start":{"line":39,"column":4},"end":{"line":41,"column":5}},"26":{"start":{"line":40,"column":6},"end":{"line":40,"column":85}},"27":{"start":{"line":44,"column":2},"end":{"line":65,"column":3}},"28":{"start":{"line":45,"column":4},"end":{"line":47,"column":15}},"29":{"start":{"line":49,"column":4},"end":{"line":49,"column":65}},"30":{"start":{"line":50,"column":4},"end":{"line":50,"column":23}},"31":{"start":{"line":52,"column":4},"end":{"line":59,"column":5}},"32":{"start":{"line":53,"column":6},"end":{"line":53,"column":94}},"33":{"start":{"line":58,"column":6},"end":{"line":58,"column":74}},"34":{"start":{"line":61,"column":4},"end":{"line":64,"column":5}},"35":{"start":{"line":67,"column":2},"end":{"line":102,"column":3}},"36":{"start":{"line":68,"column":4},"end":{"line":68,"column":26}},"37":{"start":{"line":71,"column":4},"end":{"line":73,"column":5}},"38":{"start":{"line":72,"column":6},"end":{"line":72,"column":12}},"39":{"start":{"line":76,"column":4},"end":{"line":76,"column":99}},"40":{"start":{"line":79,"column":4},"end":{"line":79,"column":32}},"41":{"start":{"line":80,"column":4},"end":{"line":80,"column":79}},"42":{"start":{"line":82,"column":4},"end":{"line":86,"column":5}},"43":{"start":{"line":83,"column":6},"end":{"line":83,"column":52}},"44":{"start":{"line":84,"column":6},"end":{"line":84,"column":27}},"45":{"start":{"line":85,"column":6},"end":{"line":85,"column":12}},"46":{"start":{"line":88,"column":4},"end":{"line":99,"column":19}},"47":{"start":{"line":90,"column":8},"end":{"line":90,"column":38}},"48":{"start":{"line":91,"column":8},"end":{"line":91,"column":42}},"49":{"start":{"line":92,"column":8},"end":{"line":92,"column":80}},"50":{"start":{"line":93,"column":8},"end":{"line":93,"column":52}},"51":{"start":{"line":94,"column":8},"end":{"line":94,"column":51}},"52":{"start":{"line":97,"column":8},"end":{"line":97,"column":60}},"53":{"start":{"line":98,"column":8},"end":{"line":98,"column":80}},"54":{"start":{"line":101,"column":4},"end":{"line":101,"column":25}},"55":{"start":{"line":104,"column":2},"end":{"line":119,"column":3}},"56":{"start":{"line":105,"column":4},"end":{"line":105,"column":62}},"57":{"start":{"line":106,"column":4},"end":{"line":108,"column":5}},"58":{"start":{"line":107,"column":6},"end":{"line":107,"column":59}},"59":{"start":{"line":109,"column":4},"end":{"line":109,"column":54}},"60":{"start":{"line":111,"column":4},"end":{"line":111,"column":40}},"61":{"start":{"line":112,"column":4},"end":{"line":112,"column":37}},"62":{"start":{"line":114,"column":4},"end":{"line":114,"column":49}},"63":{"start":{"line":115,"column":4},"end":{"line":115,"column":103}},"64":{"start":{"line":116,"column":4},"end":{"line":116,"column":56}},"65":{"start":{"line":116,"column":29},"end":{"line":116,"column":48}},"66":{"start":{"line":118,"column":4},"end":{"line":118,"column":90}},"67":{"start":{"line":118,"column":65},"end":{"line":118,"column":88}},"68":{"start":{"line":121,"column":2},"end":{"line":130,"column":3}},"69":{"start":{"line":122,"column":4},"end":{"line":122,"column":26}},"70":{"start":{"line":125,"column":4},"end":{"line":127,"column":5}},"71":{"start":{"line":126,"column":6},"end":{"line":126,"column":12}},"72":{"start":{"line":129,"column":4},"end":{"line":129,"column":25}},"73":{"start":{"line":132,"column":2},"end":{"line":143,"column":3}},"74":{"start":{"line":133,"column":4},"end":{"line":133,"column":77}},"75":{"start":{"line":134,"column":4},"end":{"line":134,"column":80}},"76":{"start":{"line":135,"column":4},"end":{"line":135,"column":34}},"77":{"start":{"line":136,"column":4},"end":{"line":136,"column":34}},"78":{"start":{"line":137,"column":4},"end":{"line":139,"column":5}},"79":{"start":{"line":138,"column":6},"end":{"line":138,"column":32}},"80":{"start":{"line":140,"column":4},"end":{"line":142,"column":5}},"81":{"start":{"line":141,"column":6},"end":{"line":141,"column":38}},"82":{"start":{"line":145,"column":2},"end":{"line":152,"column":3}},"83":{"start":{"line":147,"column":4},"end":{"line":151,"column":5}},"84":{"start":{"line":148,"column":6},"end":{"line":148,"column":37}},"85":{"start":{"line":150,"column":6},"end":{"line":150,"column":36}},"86":{"start":{"line":155,"column":2},"end":{"line":162,"column":3}},"87":{"start":{"line":156,"column":4},"end":{"line":161,"column":5}},"88":{"start":{"line":157,"column":6},"end":{"line":157,"column":51}},"89":{"start":{"line":158,"column":6},"end":{"line":160,"column":8}},"90":{"start":{"line":159,"column":8},"end":{"line":159,"column":47}},"91":{"start":{"line":165,"column":2},"end":{"line":173,"column":3}},"92":{"start":{"line":166,"column":4},"end":{"line":166,"column":30}},"93":{"start":{"line":167,"column":4},"end":{"line":169,"column":12}},"94":{"start":{"line":168,"column":6},"end":{"line":168,"column":54}},"95":{"start":{"line":170,"column":4},"end":{"line":172,"column":12}},"96":{"start":{"line":171,"column":6},"end":{"line":171,"column":53}},"97":{"start":{"line":176,"column":2},"end":{"line":183,"column":3}},"98":{"start":{"line":177,"column":4},"end":{"line":179,"column":12}},"99":{"start":{"line":178,"column":6},"end":{"line":178,"column":87}},"100":{"start":{"line":180,"column":4},"end":{"line":182,"column":12}},"101":{"start":{"line":181,"column":6},"end":{"line":181,"column":90}},"102":{"start":{"line":185,"column":2},"end":{"line":185,"column":41}}},"branchMap":{"1":{"line":5,"type":"binary-expr","locations":[{"start":{"line":5,"column":15},"end":{"line":5,"column":27}},{"start":{"line":5,"column":31},"end":{"line":5,"column":33}}]},"2":{"line":6,"type":"binary-expr","locations":[{"start":{"line":6,"column":23},"end":{"line":6,"column":43}},{"start":{"line":6,"column":47},"end":{"line":6,"column":49}}]},"3":{"line":39,"type":"if","locations":[{"start":{"line":39,"column":4},"end":{"line":39,"column":4}},{"start":{"line":39,"column":4},"end":{"line":39,"column":4}}]},"4":{"line":52,"type":"if","locations":[{"start":{"line":52,"column":4},"end":{"line":52,"column":4}},{"start":{"line":52,"column":4},"end":{"line":52,"column":4}}]},"5":{"line":71,"type":"if","locations":[{"start":{"line":71,"column":4},"end":{"line":71,"column":4}},{"start":{"line":71,"column":4},"end":{"line":71,"column":4}}]},"6":{"line":82,"type":"if","locations":[{"start":{"line":82,"column":4},"end":{"line":82,"column":4}},{"start":{"line":82,"column":4},"end":{"line":82,"column":4}}]},"7":{"line":106,"type":"if","locations":[{"start":{"line":106,"column":4},"end":{"line":106,"column":4}},{"start":{"line":106,"column":4},"end":{"line":106,"column":4}}]},"8":{"line":125,"type":"if","locations":[{"start":{"line":125,"column":4},"end":{"line":125,"column":4}},{"start":{"line":125,"column":4},"end":{"line":125,"column":4}}]},"9":{"line":137,"type":"if","locations":[{"start":{"line":137,"column":4},"end":{"line":137,"column":4}},{"start":{"line":137,"column":4},"end":{"line":137,"column":4}}]},"10":{"line":140,"type":"if","locations":[{"start":{"line":140,"column":4},"end":{"line":140,"column":4}},{"start":{"line":140,"column":4},"end":{"line":140,"column":4}}]},"11":{"line":147,"type":"if","locations":[{"start":{"line":147,"column":4},"end":{"line":147,"column":4}},{"start":{"line":147,"column":4},"end":{"line":147,"column":4}}]},"12":{"line":156,"type":"if","locations":[{"start":{"line":156,"column":4},"end":{"line":156,"column":4}},{"start":{"line":156,"column":4},"end":{"line":156,"column":4}}]},"13":{"line":178,"type":"binary-expr","locations":[{"start":{"line":178,"column":6},"end":{"line":178,"column":15}},{"start":{"line":178,"column":19},"end":{"line":178,"column":87}}]},"14":{"line":181,"type":"binary-expr","locations":[{"start":{"line":181,"column":6},"end":{"line":181,"column":15}},{"start":{"line":181,"column":19},"end":{"line":181,"column":90}}]}}},"/govuk/content-publisher/app/assets/javascripts.bak/components/multi-section-viewer.js":{"path":"/govuk/content-publisher/app/assets/javascripts.bak/components/multi-section-viewer.js","s":{"1":1,"2":1,"3":1,"4":1,"5":1,"6":84,"7":84,"8":84,"9":84,"10":12,"11":2,"12":2,"13":84,"14":84,"15":84,"16":1,"17":98,"18":98,"19":294,"20":1,"21":55,"22":55,"23":55,"24":1,"25":42,"26":42,"27":42,"28":1},"b":{"1":[1,0],"2":[1,0]},"f":{"1":1,"2":84,"3":84,"4":12,"5":2,"6":98,"7":294,"8":55,"9":42},"fnMap":{"1":{"name":"(anonymous_1)","line":4,"loc":{"start":{"line":4,"column":1},"end":{"line":4,"column":20}}},"2":{"name":"MultiSectionViewer","line":5,"loc":{"start":{"line":5,"column":2},"end":{"line":5,"column":33}}},"3":{"name":"(anonymous_3)","line":7,"loc":{"start":{"line":7,"column":39},"end":{"line":7,"column":58}}},"4":{"name":"(anonymous_4)","line":15,"loc":{"start":{"line":15,"column":20},"end":{"line":15,"column":38}}},"5":{"name":"(anonymous_5)","line":16,"loc":{"start":{"line":16,"column":39},"end":{"line":16,"column":56}}},"6":{"name":"(anonymous_6)","line":27,"loc":{"start":{"line":27,"column":49},"end":{"line":27,"column":61}}},"7":{"name":"(anonymous_7)","line":30,"loc":{"start":{"line":30,"column":21},"end":{"line":30,"column":40}}},"8":{"name":"(anonymous_8)","line":35,"loc":{"start":{"line":35,"column":52},"end":{"line":35,"column":71}}},"9":{"name":"(anonymous_9)","line":41,"loc":{"start":{"line":41,"column":51},"end":{"line":41,"column":65}}}},"statementMap":{"1":{"start":{"line":1,"column":0},"end":{"line":1,"column":33}},"2":{"start":{"line":2,"column":0},"end":{"line":2,"column":50}},"3":{"start":{"line":4,"column":0},"end":{"line":48,"column":24}},"4":{"start":{"line":5,"column":2},"end":{"line":5,"column":36}},"5":{"start":{"line":7,"column":2},"end":{"line":25,"column":3}},"6":{"start":{"line":8,"column":4},"end":{"line":8,"column":29}},"7":{"start":{"line":9,"column":4},"end":{"line":9,"column":76}},"8":{"start":{"line":11,"column":4},"end":{"line":13,"column":5}},"9":{"start":{"line":15,"column":4},"end":{"line":20,"column":17}},"10":{"start":{"line":16,"column":6},"end":{"line":19,"column":19}},"11":{"start":{"line":17,"column":8},"end":{"line":17,"column":30}},"12":{"start":{"line":18,"column":8},"end":{"line":18,"column":66}},"13":{"start":{"line":22,"column":4},"end":{"line":22,"column":66}},"14":{"start":{"line":23,"column":4},"end":{"line":23,"column":72}},"15":{"start":{"line":24,"column":4},"end":{"line":24,"column":70}},"16":{"start":{"line":27,"column":2},"end":{"line":33,"column":3}},"17":{"start":{"line":28,"column":4},"end":{"line":28,"column":88}},"18":{"start":{"line":30,"column":4},"end":{"line":32,"column":6}},"19":{"start":{"line":31,"column":6},"end":{"line":31,"column":36}},"20":{"start":{"line":35,"column":2},"end":{"line":39,"column":3}},"21":{"start":{"line":36,"column":4},"end":{"line":36,"column":26}},"22":{"start":{"line":37,"column":4},"end":{"line":37,"column":44}},"23":{"start":{"line":38,"column":4},"end":{"line":38,"column":48}},"24":{"start":{"line":41,"column":2},"end":{"line":45,"column":3}},"25":{"start":{"line":42,"column":4},"end":{"line":42,"column":26}},"26":{"start":{"line":43,"column":4},"end":{"line":43,"column":54}},"27":{"start":{"line":44,"column":4},"end":{"line":44,"column":35}},"28":{"start":{"line":47,"column":2},"end":{"line":47,"column":49}}},"branchMap":{"1":{"line":1,"type":"binary-expr","locations":[{"start":{"line":1,"column":15},"end":{"line":1,"column":27}},{"start":{"line":1,"column":31},"end":{"line":1,"column":33}}]},"2":{"line":2,"type":"binary-expr","locations":[{"start":{"line":2,"column":23},"end":{"line":2,"column":43}},{"start":{"line":2,"column":47},"end":{"line":2,"column":49}}]}}},"/govuk/content-publisher/app/assets/javascripts.bak/components/reorderable-list.js":{"path":"/govuk/content-publisher/app/assets/javascripts.bak/components/reorderable-list.js","s":{"1":1,"2":1,"3":1,"4":1,"5":1,"6":12,"7":12,"8":12,"9":12,"10":3,"11":3,"12":12,"13":10,"14":2,"15":12,"16":12,"17":24,"18":12,"19":12,"20":24,"21":1,"22":9,"23":9,"24":9,"25":9,"26":1,"27":11,"28":1,"29":3,"30":3,"31":3,"32":3,"33":3,"34":3,"35":3,"36":0,"37":3,"38":3,"39":1,"40":3,"41":3,"42":3,"43":3,"44":3,"45":3,"46":3,"47":0,"48":3,"49":3,"50":1,"51":9,"52":9,"53":18,"54":1,"55":9,"56":9,"57":9,"58":9,"59":0,"60":0,"61":9,"62":1},"b":{"1":[1,0],"2":[1,0],"3":[10,2],"4":[3,0],"5":[3,3],"6":[3,0],"7":[0,3],"8":[3,0],"9":[3,3],"10":[3,0],"11":[0,3],"12":[9,0]},"f":{"1":1,"2":14,"3":12,"4":3,"5":24,"6":24,"7":9,"8":11,"9":3,"10":3,"11":9,"12":18,"13":9},"fnMap":{"1":{"name":"(anonymous_1)","line":5,"loc":{"start":{"line":5,"column":1},"end":{"line":5,"column":20}}},"2":{"name":"ReorderableList","line":6,"loc":{"start":{"line":6,"column":2},"end":{"line":6,"column":30}}},"3":{"name":"(anonymous_3)","line":8,"loc":{"start":{"line":8,"column":36},"end":{"line":8,"column":55}}},"4":{"name":"(anonymous_4)","line":16,"loc":{"start":{"line":16,"column":14},"end":{"line":16,"column":26}}},"5":{"name":"(anonymous_5)","line":29,"loc":{"start":{"line":29,"column":28},"end":{"line":29,"column":46}}},"6":{"name":"(anonymous_6)","line":34,"loc":{"start":{"line":34,"column":30},"end":{"line":34,"column":48}}},"7":{"name":"(anonymous_7)","line":39,"loc":{"start":{"line":39,"column":52},"end":{"line":39,"column":64}}},"8":{"name":"(anonymous_8)","line":46,"loc":{"start":{"line":46,"column":40},"end":{"line":46,"column":52}}},"9":{"name":"(anonymous_9)","line":50,"loc":{"start":{"line":50,"column":46},"end":{"line":50,"column":59}}},"10":{"name":"(anonymous_10)","line":68,"loc":{"start":{"line":68,"column":48},"end":{"line":68,"column":61}}},"11":{"name":"(anonymous_11)","line":86,"loc":{"start":{"line":86,"column":49},"end":{"line":86,"column":61}}},"12":{"name":"(anonymous_12)","line":88,"loc":{"start":{"line":88,"column":25},"end":{"line":88,"column":49}}},"13":{"name":"(anonymous_13)","line":93,"loc":{"start":{"line":93,"column":43},"end":{"line":93,"column":73}}}},"statementMap":{"1":{"start":{"line":2,"column":0},"end":{"line":2,"column":33}},"2":{"start":{"line":3,"column":0},"end":{"line":3,"column":50}},"3":{"start":{"line":5,"column":0},"end":{"line":108,"column":24}},"4":{"start":{"line":6,"column":2},"end":{"line":6,"column":33}},"5":{"start":{"line":8,"column":2},"end":{"line":37,"column":3}},"6":{"start":{"line":9,"column":4},"end":{"line":9,"column":29}},"7":{"start":{"line":10,"column":4},"end":{"line":10,"column":78}},"8":{"start":{"line":11,"column":4},"end":{"line":11,"column":82}},"9":{"start":{"line":13,"column":4},"end":{"line":20,"column":6}},"10":{"start":{"line":17,"column":8},"end":{"line":17,"column":33}},"11":{"start":{"line":18,"column":8},"end":{"line":18,"column":55}},"12":{"start":{"line":22,"column":4},"end":{"line":26,"column":5}},"13":{"start":{"line":23,"column":6},"end":{"line":23,"column":34}},"14":{"start":{"line":25,"column":6},"end":{"line":25,"column":44}},"15":{"start":{"line":28,"column":4},"end":{"line":28,"column":62}},"16":{"start":{"line":29,"column":4},"end":{"line":31,"column":6}},"17":{"start":{"line":30,"column":6},"end":{"line":30,"column":60}},"18":{"start":{"line":33,"column":4},"end":{"line":33,"column":66}},"19":{"start":{"line":34,"column":4},"end":{"line":36,"column":6}},"20":{"start":{"line":35,"column":6},"end":{"line":35,"column":62}},"21":{"start":{"line":39,"column":2},"end":{"line":44,"column":3}},"22":{"start":{"line":40,"column":4},"end":{"line":40,"column":38}},"23":{"start":{"line":41,"column":4},"end":{"line":41,"column":84}},"24":{"start":{"line":42,"column":4},"end":{"line":42,"column":62}},"25":{"start":{"line":43,"column":4},"end":{"line":43,"column":20}},"26":{"start":{"line":46,"column":2},"end":{"line":48,"column":3}},"27":{"start":{"line":47,"column":4},"end":{"line":47,"column":66}},"28":{"start":{"line":50,"column":2},"end":{"line":66,"column":3}},"29":{"start":{"line":51,"column":4},"end":{"line":51,"column":64}},"30":{"start":{"line":52,"column":4},"end":{"line":52,"column":50}},"31":{"start":{"line":53,"column":4},"end":{"line":56,"column":5}},"32":{"start":{"line":54,"column":6},"end":{"line":54,"column":54}},"33":{"start":{"line":55,"column":6},"end":{"line":55,"column":31}},"34":{"start":{"line":58,"column":4},"end":{"line":64,"column":5}},"35":{"start":{"line":59,"column":6},"end":{"line":63,"column":7}},"36":{"start":{"line":60,"column":8},"end":{"line":60,"column":24}},"37":{"start":{"line":62,"column":8},"end":{"line":62,"column":43}},"38":{"start":{"line":65,"column":4},"end":{"line":65,"column":50}},"39":{"start":{"line":68,"column":2},"end":{"line":84,"column":3}},"40":{"start":{"line":69,"column":4},"end":{"line":69,"column":64}},"41":{"start":{"line":70,"column":4},"end":{"line":70,"column":42}},"42":{"start":{"line":71,"column":4},"end":{"line":74,"column":5}},"43":{"start":{"line":72,"column":6},"end":{"line":72,"column":69}},"44":{"start":{"line":73,"column":6},"end":{"line":73,"column":31}},"45":{"start":{"line":76,"column":4},"end":{"line":82,"column":5}},"46":{"start":{"line":77,"column":6},"end":{"line":81,"column":7}},"47":{"start":{"line":78,"column":8},"end":{"line":78,"column":24}},"48":{"start":{"line":80,"column":8},"end":{"line":80,"column":47}},"49":{"start":{"line":83,"column":4},"end":{"line":83,"column":52}},"50":{"start":{"line":86,"column":2},"end":{"line":91,"column":3}},"51":{"start":{"line":87,"column":4},"end":{"line":87,"column":94}},"52":{"start":{"line":88,"column":4},"end":{"line":90,"column":6}},"53":{"start":{"line":89,"column":6},"end":{"line":89,"column":44}},"54":{"start":{"line":93,"column":2},"end":{"line":105,"column":3}},"55":{"start":{"line":94,"column":4},"end":{"line":94,"column":52}},"56":{"start":{"line":95,"column":4},"end":{"line":95,"column":13}},"57":{"start":{"line":97,"column":4},"end":{"line":102,"column":5}},"58":{"start":{"line":98,"column":6},"end":{"line":98,"column":55}},"59":{"start":{"line":100,"column":6},"end":{"line":100,"column":49}},"60":{"start":{"line":101,"column":6},"end":{"line":101,"column":73}},"61":{"start":{"line":104,"column":4},"end":{"line":104,"column":32}},"62":{"start":{"line":107,"column":2},"end":{"line":107,"column":43}}},"branchMap":{"1":{"line":2,"type":"binary-expr","locations":[{"start":{"line":2,"column":15},"end":{"line":2,"column":27}},{"start":{"line":2,"column":31},"end":{"line":2,"column":33}}]},"2":{"line":3,"type":"binary-expr","locations":[{"start":{"line":3,"column":23},"end":{"line":3,"column":43}},{"start":{"line":3,"column":47},"end":{"line":3,"column":49}}]},"3":{"line":22,"type":"if","locations":[{"start":{"line":22,"column":4},"end":{"line":22,"column":4}},{"start":{"line":22,"column":4},"end":{"line":22,"column":4}}]},"4":{"line":53,"type":"if","locations":[{"start":{"line":53,"column":4},"end":{"line":53,"column":4}},{"start":{"line":53,"column":4},"end":{"line":53,"column":4}}]},"5":{"line":53,"type":"binary-expr","locations":[{"start":{"line":53,"column":8},"end":{"line":53,"column":12}},{"start":{"line":53,"column":16},"end":{"line":53,"column":28}}]},"6":{"line":58,"type":"if","locations":[{"start":{"line":58,"column":4},"end":{"line":58,"column":4}},{"start":{"line":58,"column":4},"end":{"line":58,"column":4}}]},"7":{"line":59,"type":"if","locations":[{"start":{"line":59,"column":6},"end":{"line":59,"column":6}},{"start":{"line":59,"column":6},"end":{"line":59,"column":6}}]},"8":{"line":71,"type":"if","locations":[{"start":{"line":71,"column":4},"end":{"line":71,"column":4}},{"start":{"line":71,"column":4},"end":{"line":71,"column":4}}]},"9":{"line":71,"type":"binary-expr","locations":[{"start":{"line":71,"column":8},"end":{"line":71,"column":12}},{"start":{"line":71,"column":16},"end":{"line":71,"column":24}}]},"10":{"line":76,"type":"if","locations":[{"start":{"line":76,"column":4},"end":{"line":76,"column":4}},{"start":{"line":76,"column":4},"end":{"line":76,"column":4}}]},"11":{"line":77,"type":"if","locations":[{"start":{"line":77,"column":6},"end":{"line":77,"column":6}},{"start":{"line":77,"column":6},"end":{"line":77,"column":6}}]},"12":{"line":97,"type":"if","locations":[{"start":{"line":97,"column":4},"end":{"line":97,"column":4}},{"start":{"line":97,"column":4},"end":{"line":97,"column":4}}]}}},"/govuk/content-publisher/app/assets/javascripts.bak/components/url-preview.js":{"path":"/govuk/content-publisher/app/assets/javascripts.bak/components/url-preview.js","s":{"1":1,"2":1,"3":1,"4":1,"5":1,"6":4,"7":4,"8":4,"9":4,"10":4,"11":4,"12":4,"13":4,"14":4,"15":1,"16":2,"17":2,"18":2,"19":1,"20":1,"21":1,"22":1,"23":1,"24":1,"25":1,"26":1,"27":1,"28":1,"29":3,"30":3,"31":3,"32":3,"33":3,"34":3,"35":3,"36":2,"37":1,"38":1,"39":1,"40":4,"41":4,"42":1,"43":1,"44":3,"45":1},"b":{"1":[1,0],"2":[1,0],"3":[1,1],"4":[1,3]},"f":{"1":1,"2":4,"3":4,"4":2,"5":1,"6":1,"7":3,"8":3,"9":2,"10":4},"fnMap":{"1":{"name":"(anonymous_1)","line":4,"loc":{"start":{"line":4,"column":1},"end":{"line":4,"column":20}}},"2":{"name":"UrlPreview","line":5,"loc":{"start":{"line":5,"column":2},"end":{"line":5,"column":25}}},"3":{"name":"(anonymous_3)","line":7,"loc":{"start":{"line":7,"column":31},"end":{"line":7,"column":50}}},"4":{"name":"(anonymous_4)","line":20,"loc":{"start":{"line":20,"column":42},"end":{"line":20,"column":54}}},"5":{"name":"(anonymous_5)","line":26,"loc":{"start":{"line":26,"column":44},"end":{"line":26,"column":56}}},"6":{"name":"(anonymous_6)","line":32,"loc":{"start":{"line":32,"column":41},"end":{"line":32,"column":57}}},"7":{"name":"(anonymous_7)","line":39,"loc":{"start":{"line":39,"column":42},"end":{"line":39,"column":65}}},"8":{"name":"(anonymous_8)","line":45,"loc":{"start":{"line":45,"column":15},"end":{"line":45,"column":27}}},"9":{"name":"(anonymous_9)","line":48,"loc":{"start":{"line":48,"column":12},"end":{"line":48,"column":32}}},"10":{"name":"(anonymous_10)","line":57,"loc":{"start":{"line":57,"column":36},"end":{"line":57,"column":53}}}},"statementMap":{"1":{"start":{"line":1,"column":0},"end":{"line":1,"column":33}},"2":{"start":{"line":2,"column":0},"end":{"line":2,"column":50}},"3":{"start":{"line":4,"column":0},"end":{"line":71,"column":24}},"4":{"start":{"line":5,"column":2},"end":{"line":5,"column":28}},"5":{"start":{"line":7,"column":2},"end":{"line":18,"column":3}},"6":{"start":{"line":8,"column":4},"end":{"line":8,"column":29}},"7":{"start":{"line":10,"column":4},"end":{"line":10,"column":71}},"8":{"start":{"line":11,"column":4},"end":{"line":11,"column":70}},"9":{"start":{"line":12,"column":4},"end":{"line":12,"column":87}},"10":{"start":{"line":13,"column":4},"end":{"line":13,"column":83}},"11":{"start":{"line":14,"column":4},"end":{"line":14,"column":69}},"12":{"start":{"line":15,"column":4},"end":{"line":15,"column":65}},"13":{"start":{"line":16,"column":4},"end":{"line":16,"column":63}},"14":{"start":{"line":17,"column":4},"end":{"line":17,"column":67}},"15":{"start":{"line":20,"column":2},"end":{"line":24,"column":3}},"16":{"start":{"line":21,"column":4},"end":{"line":21,"column":67}},"17":{"start":{"line":22,"column":4},"end":{"line":22,"column":83}},"18":{"start":{"line":23,"column":4},"end":{"line":23,"column":82}},"19":{"start":{"line":26,"column":2},"end":{"line":30,"column":3}},"20":{"start":{"line":27,"column":4},"end":{"line":27,"column":67}},"21":{"start":{"line":28,"column":4},"end":{"line":28,"column":86}},"22":{"start":{"line":29,"column":4},"end":{"line":29,"column":79}},"23":{"start":{"line":32,"column":2},"end":{"line":37,"column":3}},"24":{"start":{"line":33,"column":4},"end":{"line":33,"column":70}},"25":{"start":{"line":34,"column":4},"end":{"line":34,"column":83}},"26":{"start":{"line":35,"column":4},"end":{"line":35,"column":79}},"27":{"start":{"line":36,"column":4},"end":{"line":36,"column":34}},"28":{"start":{"line":39,"column":2},"end":{"line":55,"column":3}},"29":{"start":{"line":40,"column":4},"end":{"line":40,"column":54}},"30":{"start":{"line":41,"column":4},"end":{"line":41,"column":49}},"31":{"start":{"line":43,"column":4},"end":{"line":43,"column":49}},"32":{"start":{"line":44,"column":4},"end":{"line":44,"column":71}},"33":{"start":{"line":45,"column":4},"end":{"line":45,"column":56}},"34":{"start":{"line":45,"column":29},"end":{"line":45,"column":48}},"35":{"start":{"line":47,"column":4},"end":{"line":54,"column":8}},"36":{"start":{"line":49,"column":8},"end":{"line":51,"column":9}},"37":{"start":{"line":50,"column":10},"end":{"line":50,"column":53}},"38":{"start":{"line":53,"column":8},"end":{"line":53,"column":30}},"39":{"start":{"line":57,"column":2},"end":{"line":68,"column":3}},"40":{"start":{"line":58,"column":4},"end":{"line":58,"column":28}},"41":{"start":{"line":60,"column":4},"end":{"line":63,"column":5}},"42":{"start":{"line":61,"column":6},"end":{"line":61,"column":31}},"43":{"start":{"line":62,"column":6},"end":{"line":62,"column":12}},"44":{"start":{"line":65,"column":4},"end":{"line":67,"column":46}},"45":{"start":{"line":70,"column":2},"end":{"line":70,"column":33}}},"branchMap":{"1":{"line":1,"type":"binary-expr","locations":[{"start":{"line":1,"column":15},"end":{"line":1,"column":27}},{"start":{"line":1,"column":31},"end":{"line":1,"column":33}}]},"2":{"line":2,"type":"binary-expr","locations":[{"start":{"line":2,"column":23},"end":{"line":2,"column":43}},{"start":{"line":2,"column":47},"end":{"line":2,"column":49}}]},"3":{"line":49,"type":"if","locations":[{"start":{"line":49,"column":8},"end":{"line":49,"column":8}},{"start":{"line":49,"column":8},"end":{"line":49,"column":8}}]},"4":{"line":60,"type":"if","locations":[{"start":{"line":60,"column":4},"end":{"line":60,"column":4}},{"start":{"line":60,"column":4},"end":{"line":60,"column":4}}]}}},"/govuk/content-publisher/app/assets/javascripts.bak/modal/modal-fetch.js":{"path":"/govuk/content-publisher/app/assets/javascripts.bak/modal/modal-fetch.js","s":{"1":1,"2":1,"3":17,"4":17,"5":17,"6":17,"7":17,"8":1,"9":17,"10":16,"11":2,"12":2,"13":14,"14":14,"15":1,"16":23,"17":23,"18":22,"19":1,"20":23,"21":23,"22":22,"23":5,"24":5,"25":17,"26":17,"27":1,"28":23,"29":1,"30":7,"31":7,"32":1,"33":6},"b":{"1":[17,16],"2":[2,14],"3":[22,1],"4":[5,17],"5":[22,9],"6":[1,6],"7":[7,2]},"f":{"1":17,"2":1,"3":16,"4":14,"5":23,"6":1,"7":22,"8":17,"9":23,"10":7},"fnMap":{"1":{"name":"(anonymous_1)","line":3,"loc":{"start":{"line":3,"column":28},"end":{"line":3,"column":44}}},"2":{"name":"(anonymous_2)","line":8,"loc":{"start":{"line":8,"column":13},"end":{"line":8,"column":25}}},"3":{"name":"(anonymous_3)","line":11,"loc":{"start":{"line":11,"column":10},"end":{"line":11,"column":30}}},"4":{"name":"(anonymous_4)","line":18,"loc":{"start":{"line":18,"column":14},"end":{"line":18,"column":30}}},"5":{"name":"(anonymous_5)","line":24,"loc":{"start":{"line":24,"column":29},"end":{"line":24,"column":45}}},"6":{"name":"(anonymous_6)","line":28,"loc":{"start":{"line":28,"column":15},"end":{"line":28,"column":27}}},"7":{"name":"(anonymous_7)","line":41,"loc":{"start":{"line":41,"column":10},"end":{"line":41,"column":30}}},"8":{"name":"(anonymous_8)","line":48,"loc":{"start":{"line":48,"column":14},"end":{"line":48,"column":30}}},"9":{"name":"(anonymous_9)","line":54,"loc":{"start":{"line":54,"column":34},"end":{"line":54,"column":50}}},"10":{"name":"(anonymous_10)","line":58,"loc":{"start":{"line":58,"column":26},"end":{"line":58,"column":46}}}},"statementMap":{"1":{"start":{"line":1,"column":0},"end":{"line":1,"column":23}},"2":{"start":{"line":3,"column":0},"end":{"line":22,"column":1}},"3":{"start":{"line":4,"column":2},"end":{"line":4,"column":47}},"4":{"start":{"line":5,"column":2},"end":{"line":5,"column":66}},"5":{"start":{"line":6,"column":2},"end":{"line":6,"column":87}},"6":{"start":{"line":7,"column":2},"end":{"line":7,"column":53}},"7":{"start":{"line":8,"column":2},"end":{"line":8,"column":55}},"8":{"start":{"line":8,"column":27},"end":{"line":8,"column":46}},"9":{"start":{"line":10,"column":2},"end":{"line":21,"column":6}},"10":{"start":{"line":12,"column":6},"end":{"line":15,"column":7}},"11":{"start":{"line":13,"column":8},"end":{"line":13,"column":41}},"12":{"start":{"line":14,"column":8},"end":{"line":14,"column":69}},"13":{"start":{"line":17,"column":6},"end":{"line":20,"column":10}},"14":{"start":{"line":19,"column":10},"end":{"line":19,"column":31}},"15":{"start":{"line":24,"column":0},"end":{"line":52,"column":1}},"16":{"start":{"line":25,"column":2},"end":{"line":25,"column":47}},"17":{"start":{"line":27,"column":2},"end":{"line":29,"column":3}},"18":{"start":{"line":28,"column":4},"end":{"line":28,"column":57}},"19":{"start":{"line":28,"column":29},"end":{"line":28,"column":48}},"20":{"start":{"line":31,"column":2},"end":{"line":38,"column":3}},"21":{"start":{"line":40,"column":2},"end":{"line":51,"column":6}},"22":{"start":{"line":42,"column":6},"end":{"line":45,"column":7}},"23":{"start":{"line":43,"column":8},"end":{"line":43,"column":41}},"24":{"start":{"line":44,"column":8},"end":{"line":44,"column":69}},"25":{"start":{"line":47,"column":6},"end":{"line":50,"column":10}},"26":{"start":{"line":49,"column":10},"end":{"line":49,"column":77}},"27":{"start":{"line":54,"column":0},"end":{"line":56,"column":1}},"28":{"start":{"line":55,"column":2},"end":{"line":55,"column":63}},"29":{"start":{"line":58,"column":0},"end":{"line":66,"column":1}},"30":{"start":{"line":59,"column":2},"end":{"line":59,"column":70}},"31":{"start":{"line":61,"column":2},"end":{"line":63,"column":3}},"32":{"start":{"line":62,"column":4},"end":{"line":62,"column":10}},"33":{"start":{"line":65,"column":2},"end":{"line":65,"column":37}}},"branchMap":{"1":{"line":7,"type":"binary-expr","locations":[{"start":{"line":7,"column":13},"end":{"line":7,"column":40}},{"start":{"line":7,"column":44},"end":{"line":7,"column":53}}]},"2":{"line":12,"type":"if","locations":[{"start":{"line":12,"column":6},"end":{"line":12,"column":6}},{"start":{"line":12,"column":6},"end":{"line":12,"column":6}}]},"3":{"line":27,"type":"if","locations":[{"start":{"line":27,"column":2},"end":{"line":27,"column":2}},{"start":{"line":27,"column":2},"end":{"line":27,"column":2}}]},"4":{"line":42,"type":"if","locations":[{"start":{"line":42,"column":6},"end":{"line":42,"column":6}},{"start":{"line":42,"column":6},"end":{"line":42,"column":6}}]},"5":{"line":42,"type":"binary-expr","locations":[{"start":{"line":42,"column":10},"end":{"line":42,"column":22}},{"start":{"line":42,"column":26},"end":{"line":42,"column":49}}]},"6":{"line":61,"type":"if","locations":[{"start":{"line":61,"column":2},"end":{"line":61,"column":2}},{"start":{"line":61,"column":2},"end":{"line":61,"column":2}}]},"7":{"line":61,"type":"binary-expr","locations":[{"start":{"line":61,"column":6},"end":{"line":61,"column":13}},{"start":{"line":61,"column":17},"end":{"line":61,"column":49}}]}}},"/govuk/content-publisher/app/assets/javascripts.bak/modal/modal-editor.js":{"path":"/govuk/content-publisher/app/assets/javascripts.bak/modal/modal-editor.js","s":{"1":1,"2":32,"3":32,"4":1,"5":1,"6":1,"7":1},"b":{},"f":{"1":32,"2":1,"3":1},"fnMap":{"1":{"name":"ModalEditor","line":1,"loc":{"start":{"line":1,"column":0},"end":{"line":1,"column":31}}},"2":{"name":"(anonymous_2)","line":6,"loc":{"start":{"line":6,"column":36},"end":{"line":6,"column":52}}},"3":{"name":"(anonymous_3)","line":10,"loc":{"start":{"line":10,"column":37},"end":{"line":10,"column":53}}}},"statementMap":{"1":{"start":{"line":1,"column":0},"end":{"line":4,"column":1}},"2":{"start":{"line":2,"column":2},"end":{"line":2,"column":24}},"3":{"start":{"line":3,"column":2},"end":{"line":3,"column":72}},"4":{"start":{"line":6,"column":0},"end":{"line":8,"column":1}},"5":{"start":{"line":7,"column":2},"end":{"line":7,"column":69}},"6":{"start":{"line":10,"column":0},"end":{"line":12,"column":1}},"7":{"start":{"line":11,"column":2},"end":{"line":11,"column":37}}},"branchMap":{}},"/govuk/content-publisher/app/assets/javascripts.bak/modal/modal-workflow.js":{"path":"/govuk/content-publisher/app/assets/javascripts.bak/modal/modal-workflow.js","s":{"1":1,"2":43,"3":43,"4":43,"5":43,"6":43,"7":43,"8":1,"9":32,"10":32,"11":32,"12":1,"13":20,"14":1,"15":53,"16":53,"17":53,"18":53,"19":1,"20":6,"21":6,"22":6,"23":6,"24":1,"25":59,"26":59,"27":59,"28":1,"29":59,"30":59,"31":1,"32":53,"33":53,"34":1,"35":53,"36":53,"37":53,"38":10,"39":10,"40":10,"41":53,"42":20,"43":19,"44":19},"b":{"1":[59,0],"2":[59,0]},"f":{"1":43,"2":32,"3":20,"4":53,"5":6,"6":59,"7":59,"8":53,"9":53,"10":10,"11":10,"12":20,"13":19},"fnMap":{"1":{"name":"ModalWorkflow","line":3,"loc":{"start":{"line":3,"column":0},"end":{"line":3,"column":48}}},"2":{"name":"(anonymous_2)","line":15,"loc":{"start":{"line":15,"column":40},"end":{"line":15,"column":56}}},"3":{"name":"(anonymous_3)","line":21,"loc":{"start":{"lin
[...]
art":{"line":5,"column":4},"end":{"line":8,"column":6}},"5":{"start":{"line":12,"column":0},"end":{"line":12,"column":104}},"6":{"start":{"line":13,"column":0},"end":{"line":13,"column":108}},"7":{"start":{"line":14,"column":0},"end":{"line":14,"column":97}}},"branchMap":{}},"/govuk/content-publisher/app/assets/javascripts.bak/modules/gtm-topics-listener.js":{"path":"/govuk/content-publisher/app/assets/javascripts.bak/modules/gtm-topics-listener.js","s":{"1":1,"2":1,"3":2,"4":2,"5":2,"6":2,"7":0,"8":2,"9":2,"10":1,"11":1},"b":{"1":[0,2],"2":[2,2]},"f":{"1":2,"2":2},"fnMap":{"1":{"name":"(anonymous_1)","line":3,"loc":{"start":{"line":3,"column":37},"end":{"line":3,"column":56}}},"2":{"name":"(anonymous_2)","line":4,"loc":{"start":{"line":4,"column":9},"end":{"line":4,"column":26}}}},"statementMap":{"1":{"start":{"line":1,"column":0},"end":{"line":1,"column":26}},"2":{"start":{"line":3,"column":0},"end":{"line":20,"column":1}},"3":{"start":{"line":4,"column":2},"end":{"line":19,"column":3}},"4":{"start":{"line":5,"column":4},"end":{"line":5,"column":30}},"5":{"start":{"line":6,"column":4},"end":{"line":6,"column":28}},"6":{"start":{"line":8,"column":4},"end":{"line":10,"column":5}},"7":{"start":{"line":9,"column":6},"end":{"line":9,"column":12}},"8":{"start":{"line":12,"column":4},"end":{"line":12,"column":48}},"9":{"start":{"line":14,"column":4},"end":{"line":18,"column":6}},"10":{"start":{"line":22,"column":0},"end":{"line":22,"column":111}},"11":{"start":{"line":23,"column":0},"end":{"line":23,"column":91}}},"branchMap":{"1":{"line":8,"type":"if","locations":[{"start":{"line":8,"column":4},"end":{"line":8,"column":4}},{"start":{"line":8,"column":4},"end":{"line":8,"column":4}}]},"2":{"line":8,"type":"binary-expr","locations":[{"start":{"line":8,"column":8},"end":{"line":8,"column":16}},{"start":{"line":8,"column":20},"end":{"line":8,"column":37}}]}}},"/govuk/content-publisher/app/assets/javascripts.bak/modules/contact-embed-modal.js":{"path":"/govuk/content-publisher/app/assets/javascripts.bak/modules/contact-embed-modal.js","s":{"1":1,"2":5,"3":5,"4":1,"5":5,"6":1,"7":4,"8":4,"9":4,"10":1,"11":1,"12":1,"13":4,"14":1,"15":1,"16":1,"17":3,"18":2,"19":1,"20":1,"21":1,"22":4,"23":1,"24":1},"b":{"1":[1,4],"2":[5,4],"3":[1,1]},"f":{"1":5,"2":5,"3":1,"4":4,"5":1,"6":3,"7":2},"fnMap":{"1":{"name":"ContactEmbedModal","line":1,"loc":{"start":{"line":1,"column":0},"end":{"line":1,"column":37}}},"2":{"name":"(anonymous_2)","line":6,"loc":{"start":{"line":6,"column":35},"end":{"line":6,"column":47}}},"3":{"name":"(anonymous_3)","line":18,"loc":{"start":{"line":18,"column":41},"end":{"line":18,"column":58}}},"4":{"name":"(anonymous_4)","line":24,"loc":{"start":{"line":24,"column":45},"end":{"line":24,"column":61}}},"5":{"name":"(anonymous_5)","line":26,"loc":{"start":{"line":26,"column":10},"end":{"line":26,"column":22}}},"6":{"name":"(anonymous_6)","line":31,"loc":{"start":{"line":31,"column":12},"end":{"line":31,"column":24}}},"7":{"name":"(anonymous_7)","line":33,"loc":{"start":{"line":33,"column":14},"end":{"line":33,"column":32}}}},"statementMap":{"1":{"start":{"line":1,"column":0},"end":{"line":4,"column":1}},"2":{"start":{"line":2,"column":2},"end":{"line":2,"column":24}},"3":{"start":{"line":3,"column":2},"end":{"line":3,"column":48}},"4":{"start":{"line":6,"column":0},"end":{"line":22,"column":1}},"5":{"start":{"line":7,"column":2},"end":{"line":9,"column":3}},"6":{"start":{"line":8,"column":4},"end":{"line":8,"column":10}},"7":{"start":{"line":11,"column":2},"end":{"line":14,"column":3}},"8":{"start":{"line":16,"column":2},"end":{"line":16,"column":52}},"9":{"start":{"line":18,"column":2},"end":{"line":21,"column":15}},"10":{"start":{"line":19,"column":4},"end":{"line":19,"column":26}},"11":{"start":{"line":20,"column":4},"end":{"line":20,"column":45}},"12":{"start":{"line":24,"column":0},"end":{"line":46,"column":1}},"13":{"start":{"line":25,"column":2},"end":{"line":43,"column":3}},"14":{"start":{"line":27,"column":6},"end":{"line":27,"column":34}},"15":{"start":{"line":28,"column":6},"end":{"line":28,"column":24}},"16":{"start":{"line":29,"column":6},"end":{"line":29,"column":59}},"17":{"start":{"line":32,"column":6},"end":{"line":41,"column":41}},"18":{"start":{"line":34,"column":10},"end":{"line":39,"column":11}},"19":{"start":{"line":35,"column":12},"end":{"line":35,"column":47}},"20":{"start":{"line":37,"column":12},"end":{"line":37,"column":48}},"21":{"start":{"line":38,"column":12},"end":{"line":38,"column":31}},"22":{"start":{"line":45,"column":2},"end":{"line":45,"column":49}},"23":{"start":{"line":48,"column":0},"end":{"line":48,"column":75}},"24":{"start":{"line":49,"column":0},"end":{"line":49,"column":37}}},"branchMap":{"1":{"line":7,"type":"if","locations":[{"start":{"line":7,"column":2},"end":{"line":7,"column":2}},{"start":{"line":7,"column":2},"end":{"line":7,"column":2}}]},"2":{"line":7,"type":"binary-expr","locations":[{"start":{"line":7,"column":6},"end":{"line":7,"column":19}},{"start":{"line":7,"column":23},"end":{"line":7,"column":35}}]},"3":{"line":34,"type":"if","locations":[{"start":{"line":34,"column":10},"end":{"line":34,"column":10}},{"start":{"line":34,"column":10},"end":{"line":34,"column":10}}]}}},"/govuk/content-publisher/app/assets/javascripts.bak/modules/inline-attachment-modal.js":{"path":"/govuk/content-publisher/app/assets/javascripts.bak/modules/inline-attachment-modal.js","s":{"1":1,"2":11,"3":11,"4":1,"5":11,"6":1,"7":10,"8":10,"9":10,"10":1,"11":1,"12":1,"13":10,"14":1,"15":1,"16":1,"17":1,"18":1,"19":1,"20":1,"21":1,"22":1,"23":1,"24":1,"25":1,"26":1,"27":1,"28":10,"29":1,"30":1},"b":{"1":[1,10],"2":[11,10]},"f":{"1":11,"2":11,"3":1,"4":10,"5":1,"6":1,"7":1,"8":1,"9":1,"10":1,"11":1,"12":1,"13":1,"14":1},"fnMap":{"1":{"name":"InlineAttachmentModal","line":1,"loc":{"start":{"line":1,"column":0},"end":{"line":1,"column":41}}},"2":{"name":"(anonymous_2)","line":6,"loc":{"start":{"line":6,"column":39},"end":{"line":6,"column":51}}},"3":{"name":"(anonymous_3)","line":18,"loc":{"start":{"line":18,"column":41},"end":{"line":18,"column":58}}},"4":{"name":"(anonymous_4)","line":24,"loc":{"start":{"line":24,"column":49},"end":{"line":24,"column":65}}},"5":{"name":"(anonymous_5)","line":26,"loc":{"start":{"line":26,"column":10},"end":{"line":26,"column":22}}},"6":{"name":"(anonymous_6)","line":31,"loc":{"start":{"line":31,"column":12},"end":{"line":31,"column":24}}},"7":{"name":"(anonymous_7)","line":34,"loc":{"start":{"line":34,"column":12},"end":{"line":34,"column":24}}},"8":{"name":"(anonymous_8)","line":37,"loc":{"start":{"line":37,"column":12},"end":{"line":37,"column":24}}},"9":{"name":"(anonymous_9)","line":40,"loc":{"start":{"line":40,"column":19},"end":{"line":40,"column":31}}},"10":{"name":"(anonymous_10)","line":43,"loc":{"start":{"line":43,"column":10},"end":{"line":43,"column":22}}},"11":{"name":"(anonymous_11)","line":46,"loc":{"start":{"line":46,"column":12},"end":{"line":46,"column":24}}},"12":{"name":"(anonymous_12)","line":49,"loc":{"start":{"line":49,"column":10},"end":{"line":49,"column":22}}},"13":{"name":"(anonymous_13)","line":52,"loc":{"start":{"line":52,"column":31},"end":{"line":52,"column":43}}},"14":{"name":"(anonymous_14)","line":56,"loc":{"start":{"line":56,"column":30},"end":{"line":56,"column":42}}}},"statementMap":{"1":{"start":{"line":1,"column":0},"end":{"line":4,"column":1}},"2":{"start":{"line":2,"column":2},"end":{"line":2,"column":24}},"3":{"start":{"line":3,"column":2},"end":{"line":3,"column":48}},"4":{"start":{"line":6,"column":0},"end":{"line":22,"column":1}},"5":{"start":{"line":7,"column":2},"end":{"line":9,"column":3}},"6":{"start":{"line":8,"column":4},"end":{"line":8,"column":10}},"7":{"start":{"line":11,"column":2},"end":{"line":14,"column":3}},"8":{"start":{"line":16,"column":2},"end":{"line":16,"column":52}},"9":{"start":{"line":18,"column":2},"end":{"line":21,"column":15}},"10":{"start":{"line":19,"column":4},"end":{"line":19,"column":26}},"11":{"start":{"line":20,"column":4},"end":{"line":20,"column":45}},"12":{"start":{"line":24,"column":0},"end":{"line":63,"column":1}},"13":{"start":{"line":25,"column":2},"end":{"line":60,"column":3}},"14":{"start":{"line":27,"column":6},"end":{"line":27,"column":34}},"15":{"start":{"line":28,"column":6},"end":{"line":28,"column":24}},"16":{"start":{"line":29,"column":6},"end":{"line":29,"column":59}},"17":{"start":{"line":32,"column":6},"end":{"line":32,"column":60}},"18":{"start":{"line":35,"column":6},"end":{"line":35,"column":59}},"19":{"start":{"line":38,"column":6},"end":{"line":38,"column":59}},"20":{"start":{"line":41,"column":6},"end":{"line":41,"column":60}},"21":{"start":{"line":44,"column":6},"end":{"line":44,"column":59}},"22":{"start":{"line":47,"column":6},"end":{"line":47,"column":60}},"23":{"start":{"line":50,"column":6},"end":{"line":50,"column":59}},"24":{"start":{"line":53,"column":6},"end":{"line":53,"column":53}},"25":{"start":{"line":54,"column":6},"end":{"line":54,"column":25}},"26":{"start":{"line":57,"column":6},"end":{"line":57,"column":54}},"27":{"start":{"line":58,"column":6},"end":{"line":58,"column":25}},"28":{"start":{"line":62,"column":2},"end":{"line":62,"column":49}},"29":{"start":{"line":65,"column":0},"end":{"line":65,"column":79}},"30":{"start":{"line":66,"column":0},"end":{"line":66,"column":41}}},"branchMap":{"1":{"line":7,"type":"if","locations":[{"start":{"line":7,"column":2},"end":{"line":7,"column":2}},{"start":{"line":7,"column":2},"end":{"line":7,"column":2}}]},"2":{"line":7,"type":"binary-expr","locations":[{"start":{"line":7,"column":6},"end":{"line":7,"column":19}},{"start":{"line":7,"column":23},"end":{"line":7,"column":35}}]}}},"/govuk/content-publisher/app/assets/javascripts.bak/modules/inline-image-modal.js":{"path":"/govuk/content-publisher/app/assets/javascripts.bak/modules/inline-image-modal.js","s":{"1":1,"2":13,"3":13,"4":1,"5":13,"6":1,"7":12,"8":12,"9":12,"10":1,"11":1,"12":1,"13":12,"14":1,"15":1,"16":1,"17":1,"18":1,"19":1,"20":1,"21":1,"22":1,"23":1,"24":1,"25":1,"26":3,"27":2,"28":1,"29":1,"30":1,"31":12,"32":1,"33":1},"b":{"1":[1,12],"2":[13,12],"3":[1,1]},"f":{"1":13,"2":13,"3":1,"4":12,"5":1,"6":1,"7":1,"8":1,"9":1,"10":1,"11":1,"12":1,"13":1,"14":3,"15":2},"fnMap":{"1":{"name":"InlineImageModal","line":1,"loc":{"start":{"line":1,"column":0},"end":{"line":1,"column":36}}},"2":{"name":"(anonymous_2)","line":6,"loc":{"start":{"line":6,"column":34},"end":{"line":6,"column":46}}},"3":{"name":"(anonymous_3)","line":18,"loc":{"start":{"line":18,"column":41},"end":{"line":18,"column":58}}},"4":{"name":"(anonymous_4)","line":24,"loc":{"start":{"line":24,"column":44},"end":{"line":24,"column":60}}},"5":{"name":"(anonymous_5)","line":26,"loc":{"start":{"line":26,"column":10},"end":{"line":26,"column":22}}},"6":{"name":"(anonymous_6)","line":31,"loc":{"start":{"line":31,"column":12},"end":{"line":31,"column":24}}},"7":{"name":"(anonymous_7)","line":35,"loc":{"start":{"line":35,"column":12},"end":{"line":35,"column":24}}},"8":{"name":"(anonymous_8)","line":38,"loc":{"start":{"line":38,"column":10},"end":{"line":38,"column":22}}},"9":{"name":"(anonymous_9)","line":41,"loc":{"start":{"line":41,"column":10},"end":{"line":41,"column":22}}},"10":{"name":"(anonymous_10)","line":44,"loc":{"start":{"line":44,"column":12},"end":{"line":44,"column":24}}},"11":{"name":"(anonymous_11)","line":47,"loc":{"start":{"line":47,"column":19},"end":{"line":47,"column":31}}},"12":{"name":"(anonymous_12)","line":50,"loc":{"start":{"line":50,"column":10},"end":{"line":50,"column":22}}},"13":{"name":"(anonymous_13)","line":53,"loc":{"start":{"line":53,"column":10},"end":{"line":53,"column":22}}},"14":{"name":"(anonymous_14)","line":56,"loc":{"start":{"line":56,"column":16},"end":{"line":56,"column":28}}},"15":{"name":"(anonymous_15)","line":58,"loc":{"start":{"line":58,"column":14},"end":{"line":58,"column":32}}}},"statementMap":{"1":{"start":{"line":1,"column":0},"end":{"line":4,"column":1}},"2":{"start":{"line":2,"column":2},"end":{"line":2,"column":24}},"3":{"start":{"line":3,"column":2},"end":{"line":3,"column":48}},"4":{"start":{"line":6,"column":0},"end":{"line":22,"column":1}},"5":{"start":{"line":7,"column":2},"end":{"line":9,"column":3}},"6":{"start":{"line":8,"column":4},"end":{"line":8,"column":10}},"7":{"start":{"line":11,"column":2},"end":{"line":14,"column":3}},"8":{"start":{"line":16,"column":2},"end":{"line":16,"column":52}},"9":{"start":{"line":18,"column":2},"end":{"line":21,"column":15}},"10":{"start":{"line":19,"column":4},"end":{"line":19,"column":26}},"11":{"start":{"line":20,"column":4},"end":{"line":20,"column":45}},"12":{"start":{"line":24,"column":0},"end":{"line":71,"column":1}},"13":{"start":{"line":25,"column":2},"end":{"line":68,"column":3}},"14":{"start":{"line":27,"column":6},"end":{"line":27,"column":32}},"15":{"start":{"line":28,"column":6},"end":{"line":28,"column":24}},"16":{"start":{"line":29,"column":6},"end":{"line":29,"column":59}},"17":{"start":{"line":32,"column":6},"end":{"line":32,"column":25}},"18":{"start":{"line":33,"column":6},"end":{"line":33,"column":53}},"19":{"start":{"line":36,"column":6},"end":{"line":36,"column":60}},"20":{"start":{"line":39,"column":6},"end":{"line":39,"column":59}},"21":{"start":{"line":42,"column":6},"end":{"line":42,"column":60}},"22":{"start":{"line":45,"column":6},"end":{"line":45,"column":59}},"23":{"start":{"line":48,"column":6},"end":{"line":48,"column":60}},"24":{"start":{"line":51,"column":6},"end":{"line":51,"column":60}},"25":{"start":{"line":54,"column":6},"end":{"line":54,"column":59}},"26":{"start":{"line":57,"column":6},"end":{"line":66,"column":41}},"27":{"start":{"line":59,"column":10},"end":{"line":64,"column":11}},"28":{"start":{"line":60,"column":12},"end":{"line":60,"column":47}},"29":{"start":{"line":62,"column":12},"end":{"line":62,"column":59}},"30":{"start":{"line":63,"column":12},"end":{"line":63,"column":31}},"31":{"start":{"line":70,"column":2},"end":{"line":70,"column":49}},"32":{"start":{"line":73,"column":0},"end":{"line":73,"column":74}},"33":{"start":{"line":74,"column":0},"end":{"line":74,"column":36}}},"branchMap":{"1":{"line":7,"type":"if","locations":[{"start":{"line":7,"column":2},"end":{"line":7,"column":2}},{"start":{"line":7,"column":2},"end":{"line":7,"column":2}}]},"2":{"line":7,"type":"binary-expr","locations":[{"start":{"line":7,"column":6},"end":{"line":7,"column":19}},{"start":{"line":7,"column":23},"end":{"line":7,"column":35}}]},"3":{"line":59,"type":"if","locations":[{"start":{"line":59,"column":10},"end":{"line":59,"column":10}},{"start":{"line":59,"column":10},"end":{"line":59,"column":10}}]}}},"/govuk/content-publisher/app/assets/javascripts.bak/modules/video-embed-modal.js":{"path":"/govuk/content-publisher/app/assets/javascripts.bak/modules/video-embed-modal.js","s":{"1":1,"2":5,"3":5,"4":1,"5":5,"6":1,"7":4,"8":4,"9":4,"10":1,"11":1,"12":1,"13":4,"14":1,"15":1,"16":1,"17":3,"18":2,"19":1,"20":1,"21":1,"22":4,"23":1,"24":1},"b":{"1":[1,4],"2":[5,4],"3":[1,1]},"f":{"1":5,"2":5,"3":1,"4":4,"5":1,"6":3,"7":2},"fnMap":{"1":{"name":"VideoEmbedModal","line":1,"loc":{"start":{"line":1,"column":0},"end":{"line":1,"column":35}}},"2":{"name":"(anonymous_2)","line":6,"loc":{"start":{"line":6,"column":33},"end":{"line":6,"column":45}}},"3":{"name":"(anonymous_3)","line":18,"loc":{"start":{"line":18,"column":41},"end":{"line":18,"column":58}}},"4":{"name":"(anonymous_4)","line":24,"loc":{"start":{"line":24,"column":43},"end":{"line":24,"column":59}}},"5":{"name":"(anonymous_5)","line":26,"loc":{"start":{"line":26,"column":10},"end":{"line":26,"column":22}}},"6":{"name":"(anonymous_6)","line":31,"loc":{"start":{"line":31,"column":12},"end":{"line":31,"column":24}}},"7":{"name":"(anonymous_7)","line":33,"loc":{"start":{"line":33,"column":14},"end":{"line":33,"column":32}}}},"statementMap":{"1":{"start":{"line":1,"column":0},"end":{"line":4,"column":1}},"2":{"start":{"line":2,"column":2},"end":{"line":2,"column":24}},"3":{"start":{"line":3,"column":2},"end":{"line":3,"column":48}},"4":{"start":{"line":6,"column":0},"end":{"line":22,"column":1}},"5":{"start":{"line":7,"column":2},"end":{"line":9,"column":3}},"6":{"start":{"line":8,"column":4},"end":{"line":8,"column":10}},"7":{"start":{"line":11,"column":2},"end":{"line":14,"column":3}},"8":{"start":{"line":16,"column":2},"end":{"line":16,"column":52}},"9":{"start":{"line":18,"column":2},"end":{"line":21,"column":15}},"10":{"start":{"line":19,"column":4},"end":{"line":19,"column":26}},"11":{"start":{"line":20,"column":4},"end":{"line":20,"column":45}},"12":{"start":{"line":24,"column":0},"end":{"line":46,"column":1}},"13":{"start":{"line":25,"column":2},"end":{"line":43,"column":3}},"14":{"start":{"line":27,"column":6},"end":{"line":27,"column":34}},"15":{"start":{"line":28,"column":6},"end":{"line":28,"column":24}},"16":{"start":{"line":29,"column":6},"end":{"line":29,"column":59}},"17":{"start":{"line":32,"column":6},"end":{"line":41,"column":41}},"18":{"start":{"line":34,"column":10},"end":{"line":39,"column":11}},"19":{"start":{"line":35,"column":12},"end":{"line":35,"column":47}},"20":{"start":{"line":37,"column":12},"end":{"line":37,"column":31}},"21":{"start":{"line":38,"column":12},"end":{"line":38,"column":48}},"22":{"start":{"line":45,"column":2},"end":{"line":45,"column":49}},"23":{"start":{"line":48,"column":0},"end":{"line":48,"column":73}},"24":{"start":{"line":49,"column":0},"end":{"line":49,"column":35}}},"branchMap":{"1":{"line":7,"type":"if","locations":[{"start":{"line":7,"column":2},"end":{"line":7,"column":2}},{"start":{"line":7,"column":2},"end":{"line":7,"column":2}}]},"2":{"line":7,"type":"binary-expr","locations":[{"start":{"line":7,"column":6},"end":{"line":7,"column":19}},{"start":{"line":7,"column":23},"end":{"line":7,"column":35}}]},"3":{"line":34,"type":"if","locations":[{"start":{"line":34,"column":10},"end":{"line":34,"column":10}},{"start":{"line":34,"column":10},"end":{"line":34,"column":10}}]}}},"/govuk/content-publisher/app/assets/javascripts.bak/modules/warn-before-unload.js":{"path":"/govuk/content-publisher/app/assets/javascripts.bak/modules/warn-before-unload.js","s":{"1":1,"2":2,"3":1,"4":2,"5":1,"6":2,"7":1,"8":1,"9":0,"10":0,"11":0,"12":0,"13":1,"14":0,"15":0},"b":{},"f":{"1":2,"2":2,"3":1,"4":1,"5":0,"6":0},"fnMap":{"1":{"name":"WarnBeforeUnload","line":1,"loc":{"start":{"line":1,"column":0},"end":{"line":1,"column":36}}},"2":{"name":"(anonymous_2)","line":5,"loc":{"start":{"line":5,"column":34},"end":{"line":5,"column":46}}},"3":{"name":"(anonymous_3)","line":6,"loc":{"start":{"line":6,"column":42},"end":{"line":6,"column":54}}},"4":{"name":"(anonymous_4)","line":10,"loc":{"start":{"line":10,"column":42},"end":{"line":10,"column":54}}},"5":{"name":"(anonymous_5)","line":19,"loc":{"start":{"line":19,"column":38},"end":{"line":19,"column":51}}},"6":{"name":"(anonymous_6)","line":26,"loc":{"start":{"line":26,"column":68},"end":{"line":26,"column":84}}}},"statementMap":{"1":{"start":{"line":1,"column":0},"end":{"line":3,"column":1}},"2":{"start":{"line":2,"column":2},"end":{"line":2,"column":24}},"3":{"start":{"line":5,"column":0},"end":{"line":13,"column":1}},"4":{"start":{"line":6,"column":2},"end":{"line":8,"column":4}},"5":{"start":{"line":7,"column":4},"end":{"line":7,"column":80}},"6":{"start":{"line":10,"column":2},"end":{"line":12,"column":4}},"7":{"start":{"line":11,"column":4},"end":{"line":11,"column":83}},"8":{"start":{"line":19,"column":0},"end":{"line":24,"column":1}},"9":{"start":{"line":20,"column":2},"end":{"line":20,"column":20}},"10":{"start":{"line":21,"column":2},"end":{"line":21,"column":48}},"11":{"start":{"line":22,"column":2},"end":{"line":22,"column":25}},"12":{"start":{"line":23,"column":2},"end":{"line":23,"column":16}},"13":{"start":{"line":26,"column":0},"end":{"line":29,"column":2}},"14":{"start":{"line":27,"column":2},"end":{"line":27,"column":41}},"15":{"start":{"line":28,"column":2},"end":{"line":28,"column":15}}},"branchMap":{}}}
